/home/liz30/project/PLEIOVAR/PLEIOVAR_rpkg/renv/library/R-4.2/x86_64-pc-linux-gnu/PLEIOVAR/shellscript/get_genewise_genotype_via_vcftools.sh:ulimit:21: value exceeds hard limit

VCFtools - 0.1.17
(C) Adam Auton and Anthony Marcketta 2009

Parameters as interpreted:
	--gzvcf /home/liz30/project/PLEIOVAR/PLEIOVAR_rpkg/renv/library/R-4.2/x86_64-pc-linux-gnu/PLEIOVAR/extdata/vcf/Sardinia.b37.ss2120.FAref.impv4.chr20.vcf.gz
	--chr 20
	--to-bp 132223
	--012
	--out result/chrom_20/vcftools_output/gene_20_1
	--remove-filtered-all
	--from-bp 24347

Using zlib version: 1.2.11
After filtering, kept 101 out of 101 Individuals
Writing 012 matrix files ... Done.
After filtering, kept 231 out of a possible 2993 Sites
Run Time = 0.00 seconds

VCFtools - 0.1.17
(C) Adam Auton and Anthony Marcketta 2009

Parameters as interpreted:
	--gzvcf /home/liz30/project/PLEIOVAR/PLEIOVAR_rpkg/renv/library/R-4.2/x86_64-pc-linux-gnu/PLEIOVAR/extdata/vcf/Sardinia.b37.ss2120.FAref.impv4.chr20.vcf.gz
	--chr 20
	--to-bp 176149
	--012
	--out result/chrom_20/vcftools_output/gene_20_3
	--remove-filtered-all
	--from-bp 60761

Using zlib version: 1.2.11
After filtering, kept 101 out of 101 Individuals
Writing 012 matrix files ... Done.
After filtering, kept 529 out of a possible 2993 Sites
Run Time = 0.00 seconds

VCFtools - 0.1.17
(C) Adam Auton and Anthony Marcketta 2009

Parameters as interpreted:
	--gzvcf /home/liz30/project/PLEIOVAR/PLEIOVAR_rpkg/renv/library/R-4.2/x86_64-pc-linux-gnu/PLEIOVAR/extdata/vcf/Sardinia.b37.ss2120.FAref.impv4.chr20.vcf.gz
	--chr 20
	--to-bp 151355
	--012
	--out result/chrom_20/vcftools_output/gene_20_2
	--remove-filtered-all
	--from-bp 43684

Using zlib version: 1.2.11
After filtering, kept 101 out of 101 Individuals
Writing 012 matrix files ... Done.
After filtering, kept 339 out of a possible 2993 Sites
Run Time = 0.00 seconds

VCFtools - 0.1.17
(C) Adam Auton and Anthony Marcketta 2009

Parameters as interpreted:
	--gzvcf /home/liz30/project/PLEIOVAR/PLEIOVAR_rpkg/renv/library/R-4.2/x86_64-pc-linux-gnu/PLEIOVAR/extdata/vcf/Sardinia.b37.ss2120.FAref.impv4.chr20.vcf.gz
	--chr 20
	--to-bp 204322
	--012
	--out result/chrom_20/vcftools_output/gene_20_5
	--remove-filtered-all
	--from-bp 97745

Using zlib version: 1.2.11
After filtering, kept 101 out of 101 Individuals
Writing 012 matrix files ... Done.
After filtering, kept 524 out of a possible 2993 Sites
Run Time = 0.00 seconds

VCFtools - 0.1.17
(C) Adam Auton and Anthony Marcketta 2009

Parameters as interpreted:
	--gzvcf /home/liz30/project/PLEIOVAR/PLEIOVAR_rpkg/renv/library/R-4.2/x86_64-pc-linux-gnu/PLEIOVAR/extdata/vcf/Sardinia.b37.ss2120.FAref.impv4.chr20.vcf.gz
	--chr 20
	--to-bp 224607
	--012
	--out result/chrom_20/vcftools_output/gene_20_7
	--remove-filtered-all
	--from-bp 118241

Using zlib version: 1.2.11
After filtering, kept 101 out of 101 Individuals
Writing 012 matrix files ... Done.
After filtering, kept 605 out of a possible 2993 Sites
Run Time = 0.00 seconds

VCFtools - 0.1.17
(C) Adam Auton and Anthony Marcketta 2009

Parameters as interpreted:
	--gzvcf /home/liz30/project/PLEIOVAR/PLEIOVAR_rpkg/renv/library/R-4.2/x86_64-pc-linux-gnu/PLEIOVAR/extdata/vcf/Sardinia.b37.ss2120.FAref.impv4.chr20.vcf.gz
	--chr 20
	--to-bp 262528
	--012
	--out result/chrom_20/vcftools_output/gene_20_9
	--remove-filtered-all
	--from-bp 154093

Using zlib version: 1.2.11
After filtering, kept 101 out of 101 Individuals
Writing 012 matrix files ... Done.
After filtering, kept 699 out of a possible 2993 Sites
Run Time = 0.00 seconds

VCFtools - 0.1.17
(C) Adam Auton and Anthony Marcketta 2009

Parameters as interpreted:
	--gzvcf /home/liz30/project/PLEIOVAR/PLEIOVAR_rpkg/renv/library/R-4.2/x86_64-pc-linux-gnu/PLEIOVAR/extdata/vcf/Sardinia.b37.ss2120.FAref.impv4.chr20.vcf.gz
	--chr 20
	--to-bp 189154
	--012
	--out result/chrom_20/vcftools_output/gene_20_4
	--remove-filtered-all
	--from-bp 84136

Using zlib version: 1.2.11
After filtering, kept 101 out of 101 Individuals
Writing 012 matrix files ... Done.
After filtering, kept 523 out of a possible 2993 Sites
Run Time = 0.00 seconds

VCFtools - 0.1.17
(C) Adam Auton and Anthony Marcketta 2009

Parameters as interpreted:
	--gzvcf /home/liz30/project/PLEIOVAR/PLEIOVAR_rpkg/renv/library/R-4.2/x86_64-pc-linux-gnu/PLEIOVAR/extdata/vcf/Sardinia.b37.ss2120.FAref.impv4.chr20.vcf.gz
	--chr 20
	--to-bp 212697
	--012
	--out result/chrom_20/vcftools_output/gene_20_6
	--remove-filtered-all
	--from-bp 107272

Using zlib version: 1.2.11
After filtering, kept 101 out of 101 Individuals
Writing 012 matrix files ... Done.
After filtering, kept 531 out of a possible 2993 Sites
Run Time = 0.00 seconds

VCFtools - 0.1.17
(C) Adam Auton and Anthony Marcketta 2009

Parameters as interpreted:
	--gzvcf /home/liz30/project/PLEIOVAR/PLEIOVAR_rpkg/renv/library/R-4.2/x86_64-pc-linux-gnu/PLEIOVAR/extdata/vcf/Sardinia.b37.ss2120.FAref.impv4.chr20.vcf.gz
	--chr 20
	--to-bp 243092
	--012
	--out result/chrom_20/vcftools_output/gene_20_8
	--remove-filtered-all
	--from-bp 133222

Using zlib version: 1.2.11
After filtering, kept 101 out of 101 Individuals
Writing 012 matrix files ... Done.
After filtering, kept 692 out of a possible 2993 Sites
Run Time = 0.00 seconds

VCFtools - 0.1.17
(C) Adam Auton and Anthony Marcketta 2009

Parameters as interpreted:
	--gzvcf /home/liz30/project/PLEIOVAR/PLEIOVAR_rpkg/renv/library/R-4.2/x86_64-pc-linux-gnu/PLEIOVAR/extdata/vcf/Sardinia.b37.ss2120.FAref.impv4.chr20.vcf.gz
	--chr 20
	--to-bp 273194
	--012
	--out result/chrom_20/vcftools_output/gene_20_10
	--remove-filtered-all
	--from-bp 169286

Using zlib version: 1.2.11
After filtering, kept 101 out of 101 Individuals
Writing 012 matrix files ... Done.
After filtering, kept 622 out of a possible 2993 Sites
Run Time = 0.00 seconds

VCFtools - 0.1.17
(C) Adam Auton and Anthony Marcketta 2009

Parameters as interpreted:
	--gzvcf /home/liz30/project/PLEIOVAR/PLEIOVAR_rpkg/renv/library/R-4.2/x86_64-pc-linux-gnu/PLEIOVAR/extdata/vcf/Sardinia.b37.ss2120.FAref.impv4.chr20.vcf.gz
	--chr 20
	--to-bp 308748
	--012
	--out result/chrom_20/vcftools_output/gene_20_13
	--remove-filtered-all
	--from-bp 203854

Using zlib version: 1.2.11
After filtering, kept 101 out of 101 Individuals
Writing 012 matrix files ... Done.
After filtering, kept 653 out of a possible 2993 Sites
Run Time = 0.00 seconds

VCFtools - 0.1.17
(C) Adam Auton and Anthony Marcketta 2009

Parameters as interpreted:
	--gzvcf /home/liz30/project/PLEIOVAR/PLEIOVAR_rpkg/renv/library/R-4.2/x86_64-pc-linux-gnu/PLEIOVAR/extdata/vcf/Sardinia.b37.ss2120.FAref.impv4.chr20.vcf.gz
	--chr 20
	--to-bp 282739
	--012
	--out result/chrom_20/vcftools_output/gene_20_11
	--remove-filtered-all
	--from-bp 178206

Using zlib version: 1.2.11
After filtering, kept 101 out of 101 Individuals
Writing 012 matrix files ... Done.
After filtering, kept 602 out of a possible 2993 Sites
Run Time = 0.00 seconds

VCFtools - 0.1.17
(C) Adam Auton and Anthony Marcketta 2009

Parameters as interpreted:
	--gzvcf /home/liz30/project/PLEIOVAR/PLEIOVAR_rpkg/renv/library/R-4.2/x86_64-pc-linux-gnu/PLEIOVAR/extdata/vcf/Sardinia.b37.ss2120.FAref.impv4.chr20.vcf.gz
	--chr 20
	--to-bp 352382
	--012
	--out result/chrom_20/vcftools_output/gene_20_16
	--remove-filtered-all
	--from-bp 243240

Using zlib version: 1.2.11
After filtering, kept 101 out of 101 Individuals
Writing 012 matrix files ... Done.
After filtering, kept 587 out of a possible 2993 Sites
Run Time = 0.00 seconds

VCFtools - 0.1.17
(C) Adam Auton and Anthony Marcketta 2009

Parameters as interpreted:
	--gzvcf /home/liz30/project/PLEIOVAR/PLEIOVAR_rpkg/renv/library/R-4.2/x86_64-pc-linux-gnu/PLEIOVAR/extdata/vcf/Sardinia.b37.ss2120.FAref.impv4.chr20.vcf.gz
	--chr 20
	--to-bp 319703
	--012
	--out result/chrom_20/vcftools_output/gene_20_14
	--remove-filtered-all
	--from-bp 214052

Using zlib version: 1.2.11
After filtering, kept 101 out of 101 Individuals
Writing 012 matrix files ... Done.
After filtering, kept 652 out of a possible 2993 Sites
Run Time = 0.00 seconds

VCFtools - 0.1.17
(C) Adam Auton and Anthony Marcketta 2009

Parameters as interpreted:
	--gzvcf /home/liz30/project/PLEIOVAR/PLEIOVAR_rpkg/renv/library/R-4.2/x86_64-pc-linux-gnu/PLEIOVAR/extdata/vcf/Sardinia.b37.ss2120.FAref.impv4.chr20.vcf.gz
	--chr 20
	--to-bp 369050
	--012
	--out result/chrom_20/vcftools_output/gene_20_17
	--remove-filtered-all
	--from-bp 263876

Using zlib version: 1.2.11
After filtering, kept 101 out of 101 Individuals
Writing 012 matrix files ... Done.
After filtering, kept 565 out of a possible 2993 Sites
Run Time = 0.00 seconds

VCFtools - 0.1.17
(C) Adam Auton and Anthony Marcketta 2009

Parameters as interpreted:
	--gzvcf /home/liz30/project/PLEIOVAR/PLEIOVAR_rpkg/renv/library/R-4.2/x86_64-pc-linux-gnu/PLEIOVAR/extdata/vcf/Sardinia.b37.ss2120.FAref.impv4.chr20.vcf.gz
	--chr 20
	--to-bp 294333
	--012
	--out result/chrom_20/vcftools_output/gene_20_12
	--remove-filtered-all
	--from-bp 188540

Using zlib version: 1.2.11
After filtering, kept 101 out of 101 Individuals
Writing 012 matrix files ... Done.
After filtering, kept 642 out of a possible 2993 Sites
Run Time = 0.00 seconds

VCFtools - 0.1.17
(C) Adam Auton and Anthony Marcketta 2009

Parameters as interpreted:
	--gzvcf /home/liz30/project/PLEIOVAR/PLEIOVAR_rpkg/renv/library/R-4.2/x86_64-pc-linux-gnu/PLEIOVAR/extdata/vcf/Sardinia.b37.ss2120.FAref.impv4.chr20.vcf.gz
	--chr 20
	--to-bp 398775
	--012
	--out result/chrom_20/vcftools_output/gene_20_19
	--remove-filtered-all
	--from-bp 294079

Using zlib version: 1.2.11
After filtering, kept 101 out of 101 Individuals
Writing 012 matrix files ... Done.
After filtering, kept 580 out of a possible 2993 Sites
Run Time = 0.00 seconds

VCFtools - 0.1.17
(C) Adam Auton and Anthony Marcketta 2009

Parameters as interpreted:
	--gzvcf /home/liz30/project/PLEIOVAR/PLEIOVAR_rpkg/renv/library/R-4.2/x86_64-pc-linux-gnu/PLEIOVAR/extdata/vcf/Sardinia.b37.ss2120.FAref.impv4.chr20.vcf.gz
	--chr 20
	--to-bp 337179
	--012
	--out result/chrom_20/vcftools_output/gene_20_15
	--remove-filtered-all
	--from-bp 230915

Using zlib version: 1.2.11
After filtering, kept 101 out of 101 Individuals
Writing 012 matrix files ... Done.
After filtering, kept 570 out of a possible 2993 Sites
Run Time = 1.00 seconds

VCFtools - 0.1.17
(C) Adam Auton and Anthony Marcketta 2009

Parameters as interpreted:
	--gzvcf /home/liz30/project/PLEIOVAR/PLEIOVAR_rpkg/renv/library/R-4.2/x86_64-pc-linux-gnu/PLEIOVAR/extdata/vcf/Sardinia.b37.ss2120.FAref.impv4.chr20.vcf.gz
	--chr 20
	--to-bp 468118
	--012
	--out result/chrom_20/vcftools_output/gene_20_24
	--remove-filtered-all
	--from-bp 357059

Using zlib version: 1.2.11
After filtering, kept 101 out of 101 Individuals
Writing 012 matrix files ... Done.
After filtering, kept 523 out of a possible 2993 Sites
Run Time = 1.00 seconds

VCFtools - 0.1.17
(C) Adam Auton and Anthony Marcketta 2009

Parameters as interpreted:
	--gzvcf /home/liz30/project/PLEIOVAR/PLEIOVAR_rpkg/renv/library/R-4.2/x86_64-pc-linux-gnu/PLEIOVAR/extdata/vcf/Sardinia.b37.ss2120.FAref.impv4.chr20.vcf.gz
	--chr 20
	--to-bp 407828
	--012
	--out result/chrom_20/vcftools_output/gene_20_20
	--remove-filtered-all
	--from-bp 303697

Using zlib version: 1.2.11
After filtering, kept 101 out of 101 Individuals
Writing 012 matrix files ... Done.
After filtering, kept 593 out of a possible 2993 Sites
Run Time = 1.00 seconds

VCFtools - 0.1.17
(C) Adam Auton and Anthony Marcketta 2009

Parameters as interpreted:
	--gzvcf /home/liz30/project/PLEIOVAR/PLEIOVAR_rpkg/renv/library/R-4.2/x86_64-pc-linux-gnu/PLEIOVAR/extdata/vcf/Sardinia.b37.ss2120.FAref.impv4.chr20.vcf.gz
	--chr 20
	--to-bp 488953
	--012
	--out result/chrom_20/vcftools_output/gene_20_25
	--remove-filtered-all
	--from-bp 379722

Using zlib version: 1.2.11
After filtering, kept 101 out of 101 Individuals
Writing 012 matrix files ... Done.
After filtering, kept 447 out of a possible 2993 Sites
Run Time = 1.00 seconds

VCFtools - 0.1.17
(C) Adam Auton and Anthony Marcketta 2009

Parameters as interpreted:
	--gzvcf /home/liz30/project/PLEIOVAR/PLEIOVAR_rpkg/renv/library/R-4.2/x86_64-pc-linux-gnu/PLEIOVAR/extdata/vcf/Sardinia.b37.ss2120.FAref.impv4.chr20.vcf.gz
	--chr 20
	--to-bp 509306
	--012
	--out result/chrom_20/vcftools_output/gene_20_26
	--remove-filtered-all
	--from-bp 400375

Using zlib version: 1.2.11
After filtering, kept 101 out of 101 Individuals
Writing 012 matrix files ... Done.
After filtering, kept 386 out of a possible 2993 Sites
Run Time = 1.00 seconds

VCFtools - 0.1.17
(C) Adam Auton and Anthony Marcketta 2009

Parameters as interpreted:
	--gzvcf /home/liz30/project/PLEIOVAR/PLEIOVAR_rpkg/renv/library/R-4.2/x86_64-pc-linux-gnu/PLEIOVAR/extdata/vcf/Sardinia.b37.ss2120.FAref.impv4.chr20.vcf.gz
	--chr 20
	--to-bp 387286
	--012
	--out result/chrom_20/vcftools_output/gene_20_18
	--remove-filtered-all
	--from-bp 276919

Using zlib version: 1.2.11
After filtering, kept 101 out of 101 Individuals
Writing 012 matrix files ... Done.
After filtering, kept 614 out of a possible 2993 Sites
Run Time = 1.00 seconds

VCFtools - 0.1.17
(C) Adam Auton and Anthony Marcketta 2009

Parameters as interpreted:
	--gzvcf /home/liz30/project/PLEIOVAR/PLEIOVAR_rpkg/renv/library/R-4.2/x86_64-pc-linux-gnu/PLEIOVAR/extdata/vcf/Sardinia.b37.ss2120.FAref.impv4.chr20.vcf.gz
	--chr 20
	--to-bp 420801
	--012
	--out result/chrom_20/vcftools_output/gene_20_21
	--remove-filtered-all
	--from-bp 313729

Using zlib version: 1.2.11
After filtering, kept 101 out of 101 Individuals
Writing 012 matrix files ... Done.
After filtering, kept 604 out of a possible 2993 Sites
Run Time = 1.00 seconds

VCFtools - 0.1.17
(C) Adam Auton and Anthony Marcketta 2009

Parameters as interpreted:
	--gzvcf /home/liz30/project/PLEIOVAR/PLEIOVAR_rpkg/renv/library/R-4.2/x86_64-pc-linux-gnu/PLEIOVAR/extdata/vcf/Sardinia.b37.ss2120.FAref.impv4.chr20.vcf.gz
	--chr 20
	--to-bp 434503
	--012
	--out result/chrom_20/vcftools_output/gene_20_22
	--remove-filtered-all
	--from-bp 327979

Using zlib version: 1.2.11
After filtering, kept 101 out of 101 Individuals
Writing 012 matrix files ... Done.
After filtering, kept 585 out of a possible 2993 Sites
Run Time = 1.00 seconds

VCFtools - 0.1.17
(C) Adam Auton and Anthony Marcketta 2009

Parameters as interpreted:
	--gzvcf /home/liz30/project/PLEIOVAR/PLEIOVAR_rpkg/renv/library/R-4.2/x86_64-pc-linux-gnu/PLEIOVAR/extdata/vcf/Sardinia.b37.ss2120.FAref.impv4.chr20.vcf.gz
	--chr 20
	--to-bp 449226
	--012
	--out result/chrom_20/vcftools_output/gene_20_23
	--remove-filtered-all
	--from-bp 342127

Using zlib version: 1.2.11
After filtering, kept 101 out of 101 Individuals
Writing 012 matrix files ... Done.
After filtering, kept 573 out of a possible 2993 Sites
Run Time = 1.00 seconds

VCFtools - 0.1.17
(C) Adam Auton and Anthony Marcketta 2009

Parameters as interpreted:
	--gzvcf /home/liz30/project/PLEIOVAR/PLEIOVAR_rpkg/renv/library/R-4.2/x86_64-pc-linux-gnu/PLEIOVAR/extdata/vcf/Sardinia.b37.ss2120.FAref.impv4.chr20.vcf.gz
	--chr 20
	--to-bp 536810
	--012
	--out result/chrom_20/vcftools_output/gene_20_27
	--remove-filtered-all
	--from-bp 426285

Using zlib version: 1.2.11
After filtering, kept 101 out of 101 Individuals
Writing 012 matrix files ... Done.
After filtering, kept 362 out of a possible 2993 Sites
Run Time = 1.00 seconds

VCFtools - 0.1.17
(C) Adam Auton and Anthony Marcketta 2009

Parameters as interpreted:
	--gzvcf /home/liz30/project/PLEIOVAR/PLEIOVAR_rpkg/renv/library/R-4.2/x86_64-pc-linux-gnu/PLEIOVAR/extdata/vcf/Sardinia.b37.ss2120.FAref.impv4.chr20.vcf.gz
	--chr 20
	--to-bp 556607
	--012
	--out result/chrom_20/vcftools_output/gene_20_28
	--remove-filtered-all
	--from-bp 448140

Using zlib version: 1.2.11
After filtering, kept 101 out of 101 Individuals
Writing 012 matrix files ... Done.
After filtering, kept 327 out of a possible 2993 Sites
Run Time = 1.00 seconds

VCFtools - 0.1.17
(C) Adam Auton and Anthony Marcketta 2009

Parameters as interpreted:
	--gzvcf /home/liz30/project/PLEIOVAR/PLEIOVAR_rpkg/renv/library/R-4.2/x86_64-pc-linux-gnu/PLEIOVAR/extdata/vcf/Sardinia.b37.ss2120.FAref.impv4.chr20.vcf.gz
	--chr 20
	--to-bp 581455
	--012
	--out result/chrom_20/vcftools_output/gene_20_29
	--remove-filtered-all
	--from-bp 470471

Using zlib version: 1.2.11
After filtering, kept 101 out of 101 Individuals
Writing 012 matrix files ... Done.
After filtering, kept 248 out of a possible 2993 Sites
Run Time = 1.00 seconds

VCFtools - 0.1.17
(C) Adam Auton and Anthony Marcketta 2009

Parameters as interpreted:
	--gzvcf /home/liz30/project/PLEIOVAR/PLEIOVAR_rpkg/renv/library/R-4.2/x86_64-pc-linux-gnu/PLEIOVAR/extdata/vcf/Sardinia.b37.ss2120.FAref.impv4.chr20.vcf.gz
	--chr 20
	--to-bp 594040
	--012
	--out result/chrom_20/vcftools_output/gene_20_30
	--remove-filtered-all
	--from-bp 487678

Using zlib version: 1.2.11
After filtering, kept 101 out of 101 Individuals
Writing 012 matrix files ... Done.
After filtering, kept 195 out of a possible 2993 Sites
Run Time = 1.00 seconds
/home/liz30/project/PLEIOVAR/PLEIOVAR_rpkg/renv/library/R-4.2/x86_64-pc-linux-gnu/PLEIOVAR/shellscript/get_genewise_genotype_via_vcftools.sh:ulimit:21: value exceeds hard limit

VCFtools - 0.1.17
(C) Adam Auton and Anthony Marcketta 2009

Parameters as interpreted:
	--gzvcf /home/liz30/project/PLEIOVAR/PLEIOVAR_rpkg/renv/library/R-4.2/x86_64-pc-linux-gnu/PLEIOVAR/extdata/vcf/Sardinia.b37.ss2120.FAref.impv4.chr21.vcf.gz
	--chr 21
	--to-bp 10923195
	--012
	--out result/chrom_21/vcftools_output/gene_21_1
	--remove-filtered-all
	--from-bp 10817782

Using zlib version: 1.2.11
After filtering, kept 101 out of 101 Individuals
Writing 012 matrix files ... Done.
After filtering, kept 19 out of a possible 2993 Sites
Run Time = 0.00 seconds

VCFtools - 0.1.17
(C) Adam Auton and Anthony Marcketta 2009

Parameters as interpreted:
	--gzvcf /home/liz30/project/PLEIOVAR/PLEIOVAR_rpkg/renv/library/R-4.2/x86_64-pc-linux-gnu/PLEIOVAR/extdata/vcf/Sardinia.b37.ss2120.FAref.impv4.chr21.vcf.gz
	--chr 21
	--to-bp 10948038
	--012
	--out result/chrom_21/vcftools_output/gene_21_3
	--remove-filtered-all
	--from-bp 10840023

Using zlib version: 1.2.11
After filtering, kept 101 out of 101 Individuals
Writing 012 matrix files ... Done.
After filtering, kept 19 out of a possible 2993 Sites
Run Time = 0.00 seconds

VCFtools - 0.1.17
(C) Adam Auton and Anthony Marcketta 2009

Parameters as interpreted:
	--gzvcf /home/liz30/project/PLEIOVAR/PLEIOVAR_rpkg/renv/library/R-4.2/x86_64-pc-linux-gnu/PLEIOVAR/extdata/vcf/Sardinia.b37.ss2120.FAref.impv4.chr21.vcf.gz
	--chr 21
	--to-bp 10933662
	--012
	--out result/chrom_21/vcftools_output/gene_21_2
	--remove-filtered-all
	--from-bp 10828053

Using zlib version: 1.2.11
After filtering, kept 101 out of 101 Individuals
Writing 012 matrix files ... Done.
After filtering, kept 19 out of a possible 2993 Sites
Run Time = 0.00 seconds

VCFtools - 0.1.17
(C) Adam Auton and Anthony Marcketta 2009

Parameters as interpreted:
	--gzvcf /home/liz30/project/PLEIOVAR/PLEIOVAR_rpkg/renv/library/R-4.2/x86_64-pc-linux-gnu/PLEIOVAR/extdata/vcf/Sardinia.b37.ss2120.FAref.impv4.chr21.vcf.gz
	--chr 21
	--to-bp 10976924
	--012
	--out result/chrom_21/vcftools_output/gene_21_5
	--remove-filtered-all
	--from-bp 10868703

Using zlib version: 1.2.11
After filtering, kept 101 out of 101 Individuals
Writing 012 matrix files ... Done.
After filtering, kept 12 out of a possible 2993 Sites
Run Time = 0.00 seconds

VCFtools - 0.1.17
(C) Adam Auton and Anthony Marcketta 2009

Parameters as interpreted:
	--gzvcf /home/liz30/project/PLEIOVAR/PLEIOVAR_rpkg/renv/library/R-4.2/x86_64-pc-linux-gnu/PLEIOVAR/extdata/vcf/Sardinia.b37.ss2120.FAref.impv4.chr21.vcf.gz
	--chr 21
	--to-bp 10961677
	--012
	--out result/chrom_21/vcftools_output/gene_21_4
	--remove-filtered-all
	--from-bp 10854951

Using zlib version: 1.2.11
After filtering, kept 101 out of 101 Individuals
Writing 012 matrix files ... Done.
After filtering, kept 19 out of a possible 2993 Sites
Run Time = 0.00 seconds

VCFtools - 0.1.17
(C) Adam Auton and Anthony Marcketta 2009

Parameters as interpreted:
	--gzvcf /home/liz30/project/PLEIOVAR/PLEIOVAR_rpkg/renv/library/R-4.2/x86_64-pc-linux-gnu/PLEIOVAR/extdata/vcf/Sardinia.b37.ss2120.FAref.impv4.chr21.vcf.gz
	--chr 21
	--to-bp 10993696
	--012
	--out result/chrom_21/vcftools_output/gene_21_6
	--remove-filtered-all
	--from-bp 10885728

Using zlib version: 1.2.11
After filtering, kept 101 out of 101 Individuals
Writing 012 matrix files ... Done.
After filtering, kept 3 out of a possible 2993 Sites
Run Time = 0.00 seconds

VCFtools - 0.1.17
(C) Adam Auton and Anthony Marcketta 2009

Parameters as interpreted:
	--gzvcf /home/liz30/project/PLEIOVAR/PLEIOVAR_rpkg/renv/library/R-4.2/x86_64-pc-linux-gnu/PLEIOVAR/extdata/vcf/Sardinia.b37.ss2120.FAref.impv4.chr21.vcf.gz
	--chr 21
	--to-bp 11010049
	--012
	--out result/chrom_21/vcftools_output/gene_21_7
	--remove-filtered-all
	--from-bp 10900631

Using zlib version: 1.2.11
After filtering, kept 101 out of 101 Individuals
Writing 012 matrix files ... Done.
After filtering, kept 3 out of a possible 2993 Sites
Run Time = 0.00 seconds

VCFtools - 0.1.17
(C) Adam Auton and Anthony Marcketta 2009

Parameters as interpreted:
	--gzvcf /home/liz30/project/PLEIOVAR/PLEIOVAR_rpkg/renv/library/R-4.2/x86_64-pc-linux-gnu/PLEIOVAR/extdata/vcf/Sardinia.b37.ss2120.FAref.impv4.chr21.vcf.gz
	--chr 21
	--to-bp 11027782
	--012
	--out result/chrom_21/vcftools_output/gene_21_8
	--remove-filtered-all
	--from-bp 10917996

Using zlib version: 1.2.11
After filtering, kept 101 out of 101 Individuals
Writing 012 matrix files ... Done.
After filtering, kept 1 out of a possible 2993 Sites
Run Time = 0.00 seconds

VCFtools - 0.1.17
(C) Adam Auton and Anthony Marcketta 2009

Parameters as interpreted:
	--gzvcf /home/liz30/project/PLEIOVAR/PLEIOVAR_rpkg/renv/library/R-4.2/x86_64-pc-linux-gnu/PLEIOVAR/extdata/vcf/Sardinia.b37.ss2120.FAref.impv4.chr21.vcf.gz
	--chr 21
	--to-bp 11043625
	--012
	--out result/chrom_21/vcftools_output/gene_21_9
	--remove-filtered-all
	--from-bp 10936454

Using zlib version: 1.2.11
After filtering, kept 101 out of 101 Individuals
Writing 012 matrix files ... Done.
After filtering, kept 0 out of a possible 2993 Sites
No data left for analysis!
Run Time = 0.00 seconds

VCFtools - 0.1.17
(C) Adam Auton and Anthony Marcketta 2009

Parameters as interpreted:
	--gzvcf /home/liz30/project/PLEIOVAR/PLEIOVAR_rpkg/renv/library/R-4.2/x86_64-pc-linux-gnu/PLEIOVAR/extdata/vcf/Sardinia.b37.ss2120.FAref.impv4.chr21.vcf.gz
	--chr 21
	--to-bp 11076722
	--012
	--out result/chrom_21/vcftools_output/gene_21_10
	--remove-filtered-all
	--from-bp 10949670

Using zlib version: 1.2.11
After filtering, kept 101 out of 101 Individuals
Writing 012 matrix files ... Done.
After filtering, kept 0 out of a possible 2993 Sites
No data left for analysis!
Run Time = 0.00 seconds

VCFtools - 0.1.17
(C) Adam Auton and Anthony Marcketta 2009

Parameters as interpreted:
	--gzvcf /home/liz30/project/PLEIOVAR/PLEIOVAR_rpkg/renv/library/R-4.2/x86_64-pc-linux-gnu/PLEIOVAR/extdata/vcf/Sardinia.b37.ss2120.FAref.impv4.chr21.vcf.gz
	--chr 21
	--to-bp 11148573
	--012
	--out result/chrom_21/vcftools_output/gene_21_11
	--remove-filtered-all
	--from-bp 11019173

Using zlib version: 1.2.11
After filtering, kept 101 out of 101 Individuals
Writing 012 matrix files ... Done.
After filtering, kept 1 out of a possible 2993 Sites
Run Time = 0.00 seconds

VCFtools - 0.1.17
(C) Adam Auton and Anthony Marcketta 2009

Parameters as interpreted:
	--gzvcf /home/liz30/project/PLEIOVAR/PLEIOVAR_rpkg/renv/library/R-4.2/x86_64-pc-linux-gnu/PLEIOVAR/extdata/vcf/Sardinia.b37.ss2120.FAref.impv4.chr21.vcf.gz
	--chr 21
	--to-bp 14399395
	--012
	--out result/chrom_21/vcftools_output/gene_21_14
	--remove-filtered-all
	--from-bp 14295640

Using zlib version: 1.2.11
After filtering, kept 101 out of 101 Individuals
Writing 012 matrix files ... Done.
After filtering, kept 0 out of a possible 2993 Sites
No data left for analysis!
Run Time = 0.00 seconds

VCFtools - 0.1.17
(C) Adam Auton and Anthony Marcketta 2009

Parameters as interpreted:
	--gzvcf /home/liz30/project/PLEIOVAR/PLEIOVAR_rpkg/renv/library/R-4.2/x86_64-pc-linux-gnu/PLEIOVAR/extdata/vcf/Sardinia.b37.ss2120.FAref.impv4.chr21.vcf.gz
	--chr 21
	--to-bp 14414138
	--012
	--out result/chrom_21/vcftools_output/gene_21_16
	--remove-filtered-all
	--from-bp 14311326

Using zlib version: 1.2.11
After filtering, kept 101 out of 101 Individuals
Writing 012 matrix files ... Done.
After filtering, kept 0 out of a possible 2993 Sites
No data left for analysis!
Run Time = 0.00 seconds

VCFtools - 0.1.17
(C) Adam Auton and Anthony Marcketta 2009

Parameters as interpreted:
	--gzvcf /home/liz30/project/PLEIOVAR/PLEIOVAR_rpkg/renv/library/R-4.2/x86_64-pc-linux-gnu/PLEIOVAR/extdata/vcf/Sardinia.b37.ss2120.FAref.impv4.chr21.vcf.gz
	--chr 21
	--to-bp 11221787
	--012
	--out result/chrom_21/vcftools_output/gene_21_12
	--remove-filtered-all
	--from-bp 11079313

Using zlib version: 1.2.11
After filtering, kept 101 out of 101 Individuals
Writing 012 matrix files ... Done.
After filtering, kept 1 out of a possible 2993 Sites
Run Time = 0.00 seconds

VCFtools - 0.1.17
(C) Adam Auton and Anthony Marcketta 2009

Parameters as interpreted:
	--gzvcf /home/liz30/project/PLEIOVAR/PLEIOVAR_rpkg/renv/library/R-4.2/x86_64-pc-linux-gnu/PLEIOVAR/extdata/vcf/Sardinia.b37.ss2120.FAref.impv4.chr21.vcf.gz
	--chr 21
	--to-bp 14407997
	--012
	--out result/chrom_21/vcftools_output/gene_21_15
	--remove-filtered-all
	--from-bp 14303831

Using zlib version: 1.2.11
After filtering, kept 101 out of 101 Individuals
Writing 012 matrix files ... Done.
After filtering, kept 0 out of a possible 2993 Sites
No data left for analysis!
Run Time = 0.00 seconds

VCFtools - 0.1.17
(C) Adam Auton and Anthony Marcketta 2009

Parameters as interpreted:
	--gzvcf /home/liz30/project/PLEIOVAR/PLEIOVAR_rpkg/renv/library/R-4.2/x86_64-pc-linux-gnu/PLEIOVAR/extdata/vcf/Sardinia.b37.ss2120.FAref.impv4.chr21.vcf.gz
	--chr 21
	--to-bp 14422186
	--012
	--out result/chrom_21/vcftools_output/gene_21_17
	--remove-filtered-all
	--from-bp 14317742

Using zlib version: 1.2.11
After filtering, kept 101 out of 101 Individuals
Writing 012 matrix files ... Done.
After filtering, kept 0 out of a possible 2993 Sites
No data left for analysis!
Run Time = 0.00 seconds

VCFtools - 0.1.17
(C) Adam Auton and Anthony Marcketta 2009

Parameters as interpreted:
	--gzvcf /home/liz30/project/PLEIOVAR/PLEIOVAR_rpkg/renv/library/R-4.2/x86_64-pc-linux-gnu/PLEIOVAR/extdata/vcf/Sardinia.b37.ss2120.FAref.impv4.chr21.vcf.gz
	--chr 21
	--to-bp 14392515
	--012
	--out result/chrom_21/vcftools_output/gene_21_13
	--remove-filtered-all
	--from-bp 14290127

Using zlib version: 1.2.11
After filtering, kept 101 out of 101 Individuals
Writing 012 matrix files ... Done.
After filtering, kept 0 out of a possible 2993 Sites
No data left for analysis!
Run Time = 0.00 seconds

VCFtools - 0.1.17
(C) Adam Auton and Anthony Marcketta 2009

Parameters as interpreted:
	--gzvcf /home/liz30/project/PLEIOVAR/PLEIOVAR_rpkg/renv/library/R-4.2/x86_64-pc-linux-gnu/PLEIOVAR/extdata/vcf/Sardinia.b37.ss2120.FAref.impv4.chr21.vcf.gz
	--chr 21
	--to-bp 14486154
	--012
	--out result/chrom_21/vcftools_output/gene_21_22
	--remove-filtered-all
	--from-bp 14380215

Using zlib version: 1.2.11
After filtering, kept 101 out of 101 Individuals
Writing 012 matrix files ... Done.
After filtering, kept 19 out of a possible 2993 Sites
Run Time = 0.00 seconds

VCFtools - 0.1.17
(C) Adam Auton and Anthony Marcketta 2009

Parameters as interpreted:
	--gzvcf /home/liz30/project/PLEIOVAR/PLEIOVAR_rpkg/renv/library/R-4.2/x86_64-pc-linux-gnu/PLEIOVAR/extdata/vcf/Sardinia.b37.ss2120.FAref.impv4.chr21.vcf.gz
	--chr 21
	--to-bp 14443936
	--012
	--out result/chrom_21/vcftools_output/gene_21_19
	--remove-filtered-all
	--from-bp 14336791

Using zlib version: 1.2.11
After filtering, kept 101 out of 101 Individuals
Writing 012 matrix files ... Done.
After filtering, kept 0 out of a possible 2993 Sites
No data left for analysis!
Run Time = 0.00 seconds

VCFtools - 0.1.17
(C) Adam Auton and Anthony Marcketta 2009

Parameters as interpreted:
	--gzvcf /home/liz30/project/PLEIOVAR/PLEIOVAR_rpkg/renv/library/R-4.2/x86_64-pc-linux-gnu/PLEIOVAR/extdata/vcf/Sardinia.b37.ss2120.FAref.impv4.chr21.vcf.gz
	--chr 21
	--to-bp 14457744
	--012
	--out result/chrom_21/vcftools_output/gene_21_20
	--remove-filtered-all
	--from-bp 14351003

Using zlib version: 1.2.11
After filtering, kept 101 out of 101 Individuals
Writing 012 matrix files ... Done.
After filtering, kept 3 out of a possible 2993 Sites
Run Time = 0.00 seconds

VCFtools - 0.1.17
(C) Adam Auton and Anthony Marcketta 2009

Parameters as interpreted:
	--gzvcf /home/liz30/project/PLEIOVAR/PLEIOVAR_rpkg/renv/library/R-4.2/x86_64-pc-linux-gnu/PLEIOVAR/extdata/vcf/Sardinia.b37.ss2120.FAref.impv4.chr21.vcf.gz
	--chr 21
	--to-bp 14509300
	--012
	--out result/chrom_21/vcftools_output/gene_21_24
	--remove-filtered-all
	--from-bp 14400850

Using zlib version: 1.2.11
After filtering, kept 101 out of 101 Individuals
Writing 012 matrix files ... Done.
After filtering, kept 25 out of a possible 2993 Sites
Run Time = 0.00 seconds

VCFtools - 0.1.17
(C) Adam Auton and Anthony Marcketta 2009

Parameters as interpreted:
	--gzvcf /home/liz30/project/PLEIOVAR/PLEIOVAR_rpkg/renv/library/R-4.2/x86_64-pc-linux-gnu/PLEIOVAR/extdata/vcf/Sardinia.b37.ss2120.FAref.impv4.chr21.vcf.gz
	--chr 21
	--to-bp 14474153
	--012
	--out result/chrom_21/vcftools_output/gene_21_21
	--remove-filtered-all
	--from-bp 14364232

Using zlib version: 1.2.11
After filtering, kept 101 out of 101 Individuals
Writing 012 matrix files ... Done.
After filtering, kept 11 out of a possible 2993 Sites
Run Time = 0.00 seconds

VCFtools - 0.1.17
(C) Adam Auton and Anthony Marcketta 2009

Parameters as interpreted:
	--gzvcf /home/liz30/project/PLEIOVAR/PLEIOVAR_rpkg/renv/library/R-4.2/x86_64-pc-linux-gnu/PLEIOVAR/extdata/vcf/Sardinia.b37.ss2120.FAref.impv4.chr21.vcf.gz
	--chr 21
	--to-bp 14431692
	--012
	--out result/chrom_21/vcftools_output/gene_21_18
	--remove-filtered-all
	--from-bp 14325551

Using zlib version: 1.2.11
After filtering, kept 101 out of 101 Individuals
Writing 012 matrix files ... Done.
After filtering, kept 0 out of a possible 2993 Sites
No data left for analysis!
Run Time = 0.00 seconds

VCFtools - 0.1.17
(C) Adam Auton and Anthony Marcketta 2009

Parameters as interpreted:
	--gzvcf /home/liz30/project/PLEIOVAR/PLEIOVAR_rpkg/renv/library/R-4.2/x86_64-pc-linux-gnu/PLEIOVAR/extdata/vcf/Sardinia.b37.ss2120.FAref.impv4.chr21.vcf.gz
	--chr 21
	--to-bp 14536031
	--012
	--out result/chrom_21/vcftools_output/gene_21_25
	--remove-filtered-all
	--from-bp 14424056

Using zlib version: 1.2.11
After filtering, kept 101 out of 101 Individuals
Writing 012 matrix files ... Done.
After filtering, kept 41 out of a possible 2993 Sites
Run Time = 0.00 seconds

VCFtools - 0.1.17
(C) Adam Auton and Anthony Marcketta 2009

Parameters as interpreted:
	--gzvcf /home/liz30/project/PLEIOVAR/PLEIOVAR_rpkg/renv/library/R-4.2/x86_64-pc-linux-gnu/PLEIOVAR/extdata/vcf/Sardinia.b37.ss2120.FAref.impv4.chr21.vcf.gz
	--chr 21
	--to-bp 14495521
	--012
	--out result/chrom_21/vcftools_output/gene_21_23
	--remove-filtered-all
	--from-bp 14391122

Using zlib version: 1.2.11
After filtering, kept 101 out of 101 Individuals
Writing 012 matrix files ... Done.
After filtering, kept 24 out of a possible 2993 Sites
Run Time = 0.00 seconds

VCFtools - 0.1.17
(C) Adam Auton and Anthony Marcketta 2009

Parameters as interpreted:
	--gzvcf /home/liz30/project/PLEIOVAR/PLEIOVAR_rpkg/renv/library/R-4.2/x86_64-pc-linux-gnu/PLEIOVAR/extdata/vcf/Sardinia.b37.ss2120.FAref.impv4.chr21.vcf.gz
	--chr 21
	--to-bp 14583311
	--012
	--out result/chrom_21/vcftools_output/gene_21_27
	--remove-filtered-all
	--from-bp 14473392

Using zlib version: 1.2.11
After filtering, kept 101 out of 101 Individuals
Writing 012 matrix files ... Done.
After filtering, kept 45 out of a possible 2993 Sites
Run Time = 0.00 seconds

VCFtools - 0.1.17
(C) Adam Auton and Anthony Marcketta 2009

Parameters as interpreted:
	--gzvcf /home/liz30/project/PLEIOVAR/PLEIOVAR_rpkg/renv/library/R-4.2/x86_64-pc-linux-gnu/PLEIOVAR/extdata/vcf/Sardinia.b37.ss2120.FAref.impv4.chr21.vcf.gz
	--chr 21
	--to-bp 14624249
	--012
	--out result/chrom_21/vcftools_output/gene_21_28
	--remove-filtered-all
	--from-bp 14500024

Using zlib version: 1.2.11
After filtering, kept 101 out of 101 Individuals
Writing 012 matrix files ... Done.
After filtering, kept 81 out of a possible 2993 Sites
Run Time = 0.00 seconds

VCFtools - 0.1.17
(C) Adam Auton and Anthony Marcketta 2009

Parameters as interpreted:
	--gzvcf /home/liz30/project/PLEIOVAR/PLEIOVAR_rpkg/renv/library/R-4.2/x86_64-pc-linux-gnu/PLEIOVAR/extdata/vcf/Sardinia.b37.ss2120.FAref.impv4.chr21.vcf.gz
	--chr 21
	--to-bp 14559696
	--012
	--out result/chrom_21/vcftools_output/gene_21_26
	--remove-filtered-all
	--from-bp 14449286

Using zlib version: 1.2.11
After filtering, kept 101 out of 101 Individuals
Writing 012 matrix files ... Done.
After filtering, kept 49 out of a possible 2993 Sites
Run Time = 0.00 seconds

VCFtools - 0.1.17
(C) Adam Auton and Anthony Marcketta 2009

Parameters as interpreted:
	--gzvcf /home/liz30/project/PLEIOVAR/PLEIOVAR_rpkg/renv/library/R-4.2/x86_64-pc-linux-gnu/PLEIOVAR/extdata/vcf/Sardinia.b37.ss2120.FAref.impv4.chr21.vcf.gz
	--chr 21
	--to-bp 14647292
	--012
	--out result/chrom_21/vcftools_output/gene_21_29
	--remove-filtered-all
	--from-bp 14541774

Using zlib version: 1.2.11
After filtering, kept 101 out of 101 Individuals
Writing 012 matrix files ... Done.
After filtering, kept 62 out of a possible 2993 Sites
Run Time = 0.00 seconds

VCFtools - 0.1.17
(C) Adam Auton and Anthony Marcketta 2009

Parameters as interpreted:
	--gzvcf /home/liz30/project/PLEIOVAR/PLEIOVAR_rpkg/renv/library/R-4.2/x86_64-pc-linux-gnu/PLEIOVAR/extdata/vcf/Sardinia.b37.ss2120.FAref.impv4.chr21.vcf.gz
	--chr 21
	--to-bp 14662284
	--012
	--out result/chrom_21/vcftools_output/gene_21_30
	--remove-filtered-all
	--from-bp 14554323

Using zlib version: 1.2.11
After filtering, kept 101 out of 101 Individuals
Writing 012 matrix files ... Done.
After filtering, kept 57 out of a possible 2993 Sites
Run Time = 0.00 seconds
/home/liz30/project/PLEIOVAR/PLEIOVAR_rpkg/renv/library/R-4.2/x86_64-pc-linux-gnu/PLEIOVAR/shellscript/get_genewise_genotype_via_vcftools.sh:ulimit:21: value exceeds hard limit

VCFtools - 0.1.17
(C) Adam Auton and Anthony Marcketta 2009

Parameters as interpreted:
	--gzvcf /home/liz30/project/PLEIOVAR/PLEIOVAR_rpkg/renv/library/R-4.2/x86_64-pc-linux-gnu/PLEIOVAR/extdata/vcf/Sardinia.b37.ss2120.FAref.impv4.chr22.vcf.gz
	--chr 22
	--to-bp 16603134
	--012
	--out result/chrom_22/vcftools_output/gene_22_2
	--remove-filtered-all
	--from-bp 16487769

Using zlib version: 1.2.11
After filtering, kept 101 out of 101 Individuals
Writing 012 matrix files ... Done.
After filtering, kept 1 out of a possible 2993 Sites
Run Time = 0.00 seconds

VCFtools - 0.1.17
(C) Adam Auton and Anthony Marcketta 2009

Parameters as interpreted:
	--gzvcf /home/liz30/project/PLEIOVAR/PLEIOVAR_rpkg/renv/library/R-4.2/x86_64-pc-linux-gnu/PLEIOVAR/extdata/vcf/Sardinia.b37.ss2120.FAref.impv4.chr22.vcf.gz
	--chr 22
	--to-bp 16574945
	--012
	--out result/chrom_22/vcftools_output/gene_22_1
	--remove-filtered-all
	--from-bp 16458156

Using zlib version: 1.2.11
After filtering, kept 101 out of 101 Individuals
Writing 012 matrix files ... Done.
After filtering, kept 1 out of a possible 2993 Sites
Run Time = 0.00 seconds

VCFtools - 0.1.17
(C) Adam Auton and Anthony Marcketta 2009

Parameters as interpreted:
	--gzvcf /home/liz30/project/PLEIOVAR/PLEIOVAR_rpkg/renv/library/R-4.2/x86_64-pc-linux-gnu/PLEIOVAR/extdata/vcf/Sardinia.b37.ss2120.FAref.impv4.chr22.vcf.gz
	--chr 22
	--to-bp 16633779
	--012
	--out result/chrom_22/vcftools_output/gene_22_3
	--remove-filtered-all
	--from-bp 16516312

Using zlib version: 1.2.11
After filtering, kept 101 out of 101 Individuals
Writing 012 matrix files ... Done.
After filtering, kept 0 out of a possible 2993 Sites
No data left for analysis!
Run Time = 0.00 seconds

VCFtools - 0.1.17
(C) Adam Auton and Anthony Marcketta 2009

Parameters as interpreted:
	--gzvcf /home/liz30/project/PLEIOVAR/PLEIOVAR_rpkg/renv/library/R-4.2/x86_64-pc-linux-gnu/PLEIOVAR/extdata/vcf/Sardinia.b37.ss2120.FAref.impv4.chr22.vcf.gz
	--chr 22
	--to-bp 16657244
	--012
	--out result/chrom_22/vcftools_output/gene_22_4
	--remove-filtered-all
	--from-bp 16544893

Using zlib version: 1.2.11
After filtering, kept 101 out of 101 Individuals
Writing 012 matrix files ... Done.
After filtering, kept 0 out of a possible 2993 Sites
No data left for analysis!
Run Time = 0.00 seconds

VCFtools - 0.1.17
(C) Adam Auton and Anthony Marcketta 2009

Parameters as interpreted:
	--gzvcf /home/liz30/project/PLEIOVAR/PLEIOVAR_rpkg/renv/library/R-4.2/x86_64-pc-linux-gnu/PLEIOVAR/extdata/vcf/Sardinia.b37.ss2120.FAref.impv4.chr22.vcf.gz
	--chr 22
	--to-bp 16691298
	--012
	--out result/chrom_22/vcftools_output/gene_22_5
	--remove-filtered-all
	--from-bp 16570700

Using zlib version: 1.2.11
After filtering, kept 101 out of 101 Individuals
Writing 012 matrix files ... Done.
After filtering, kept 0 out of a possible 2993 Sites
No data left for analysis!
Run Time = 0.00 seconds

VCFtools - 0.1.17
(C) Adam Auton and Anthony Marcketta 2009

Parameters as interpreted:
	--gzvcf /home/liz30/project/PLEIOVAR/PLEIOVAR_rpkg/renv/library/R-4.2/x86_64-pc-linux-gnu/PLEIOVAR/extdata/vcf/Sardinia.b37.ss2120.FAref.impv4.chr22.vcf.gz
	--chr 22
	--to-bp 16715073
	--012
	--out result/chrom_22/vcftools_output/gene_22_6
	--remove-filtered-all
	--from-bp 16598658

Using zlib version: 1.2.11
After filtering, kept 101 out of 101 Individuals
Writing 012 matrix files ... Done.
After filtering, kept 0 out of a possible 2993 Sites
No data left for analysis!
Run Time = 0.00 seconds

VCFtools - 0.1.17
(C) Adam Auton and Anthony Marcketta 2009

Parameters as interpreted:
	--gzvcf /home/liz30/project/PLEIOVAR/PLEIOVAR_rpkg/renv/library/R-4.2/x86_64-pc-linux-gnu/PLEIOVAR/extdata/vcf/Sardinia.b37.ss2120.FAref.impv4.chr22.vcf.gz
	--chr 22
	--to-bp 16899738
	--012
	--out result/chrom_22/vcftools_output/gene_22_7
	--remove-filtered-all
	--from-bp 16645855

Using zlib version: 1.2.11
After filtering, kept 101 out of 101 Individuals
Writing 012 matrix files ... Done.
After filtering, kept 144 out of a possible 2993 Sites
Run Time = 0.00 seconds

VCFtools - 0.1.17
(C) Adam Auton and Anthony Marcketta 2009

Parameters as interpreted:
	--gzvcf /home/liz30/project/PLEIOVAR/PLEIOVAR_rpkg/renv/library/R-4.2/x86_64-pc-linux-gnu/PLEIOVAR/extdata/vcf/Sardinia.b37.ss2120.FAref.impv4.chr22.vcf.gz
	--chr 22
	--to-bp 16912088
	--012
	--out result/chrom_22/vcftools_output/gene_22_10
	--remove-filtered-all
	--from-bp 16810139

Using zlib version: 1.2.11
After filtering, kept 101 out of 101 Individuals
Writing 012 matrix files ... Done.
After filtering, kept 144 out of a possible 2993 Sites
Run Time = 0.00 seconds

VCFtools - 0.1.17
(C) Adam Auton and Anthony Marcketta 2009

Parameters as interpreted:
	--gzvcf /home/liz30/project/PLEIOVAR/PLEIOVAR_rpkg/renv/library/R-4.2/x86_64-pc-linux-gnu/PLEIOVAR/extdata/vcf/Sardinia.b37.ss2120.FAref.impv4.chr22.vcf.gz
	--chr 22
	--to-bp 16972318
	--012
	--out result/chrom_22/vcftools_output/gene_22_16
	--remove-filtered-all
	--from-bp 16864627

Using zlib version: 1.2.11
After filtering, kept 101 out of 101 Individuals
Writing 012 matrix files ... Done.
After filtering, kept 2 out of a possible 2993 Sites
Run Time = 0.00 seconds

VCFtools - 0.1.17
(C) Adam Auton and Anthony Marcketta 2009

Parameters as interpreted:
	--gzvcf /home/liz30/project/PLEIOVAR/PLEIOVAR_rpkg/renv/library/R-4.2/x86_64-pc-linux-gnu/PLEIOVAR/extdata/vcf/Sardinia.b37.ss2120.FAref.impv4.chr22.vcf.gz
	--chr 22
	--to-bp 16936974
	--012
	--out result/chrom_22/vcftools_output/gene_22_13
	--remove-filtered-all
	--from-bp 16832275

Using zlib version: 1.2.11
After filtering, kept 101 out of 101 Individuals
Writing 012 matrix files ... Done.
After filtering, kept 144 out of a possible 2993 Sites
Run Time = 0.00 seconds

VCFtools - 0.1.17
(C) Adam Auton and Anthony Marcketta 2009

Parameters as interpreted:
	--gzvcf /home/liz30/project/PLEIOVAR/PLEIOVAR_rpkg/renv/library/R-4.2/x86_64-pc-linux-gnu/PLEIOVAR/extdata/vcf/Sardinia.b37.ss2120.FAref.impv4.chr22.vcf.gz
	--chr 22
	--to-bp 16920851
	--012
	--out result/chrom_22/vcftools_output/gene_22_11
	--remove-filtered-all
	--from-bp 16816285

Using zlib version: 1.2.11
After filtering, kept 101 out of 101 Individuals
Writing 012 matrix files ... Done.
After filtering, kept 144 out of a possible 2993 Sites
Run Time = 0.00 seconds

VCFtools - 0.1.17
(C) Adam Auton and Anthony Marcketta 2009

Parameters as interpreted:
	--gzvcf /home/liz30/project/PLEIOVAR/PLEIOVAR_rpkg/renv/library/R-4.2/x86_64-pc-linux-gnu/PLEIOVAR/extdata/vcf/Sardinia.b37.ss2120.FAref.impv4.chr22.vcf.gz
	--chr 22
	--to-bp 16903231
	--012
	--out result/chrom_22/vcftools_output/gene_22_8
	--remove-filtered-all
	--from-bp 16801640

Using zlib version: 1.2.11
After filtering, kept 101 out of 101 Individuals
Writing 012 matrix files ... Done.
After filtering, kept 144 out of a possible 2993 Sites
Run Time = 0.00 seconds

VCFtools - 0.1.17
(C) Adam Auton and Anthony Marcketta 2009

Parameters as interpreted:
	--gzvcf /home/liz30/project/PLEIOVAR/PLEIOVAR_rpkg/renv/library/R-4.2/x86_64-pc-linux-gnu/PLEIOVAR/extdata/vcf/Sardinia.b37.ss2120.FAref.impv4.chr22.vcf.gz
	--chr 22
	--to-bp 16997183
	--012
	--out result/chrom_22/vcftools_output/gene_22_18
	--remove-filtered-all
	--from-bp 16889256

Using zlib version: 1.2.11
After filtering, kept 101 out of 101 Individuals
Writing 012 matrix files ... Done.
After filtering, kept 0 out of a possible 2993 Sites
No data left for analysis!
Run Time = 0.00 seconds

VCFtools - 0.1.17
(C) Adam Auton and Anthony Marcketta 2009

Parameters as interpreted:
	--gzvcf /home/liz30/project/PLEIOVAR/PLEIOVAR_rpkg/renv/library/R-4.2/x86_64-pc-linux-gnu/PLEIOVAR/extdata/vcf/Sardinia.b37.ss2120.FAref.impv4.chr22.vcf.gz
	--chr 22
	--to-bp 16984854
	--012
	--out result/chrom_22/vcftools_output/gene_22_17
	--remove-filtered-all
	--from-bp 16880611

Using zlib version: 1.2.11
After filtering, kept 101 out of 101 Individuals
Writing 012 matrix files ... Done.
After filtering, kept 0 out of a possible 2993 Sites
No data left for analysis!
Run Time = 0.00 seconds

VCFtools - 0.1.17
(C) Adam Auton and Anthony Marcketta 2009

Parameters as interpreted:
	--gzvcf /home/liz30/project/PLEIOVAR/PLEIOVAR_rpkg/renv/library/R-4.2/x86_64-pc-linux-gnu/PLEIOVAR/extdata/vcf/Sardinia.b37.ss2120.FAref.impv4.chr22.vcf.gz
	--chr 22
	--to-bp 16907660
	--012
	--out result/chrom_22/vcftools_output/gene_22_9
	--remove-filtered-all
	--from-bp 16805280

Using zlib version: 1.2.11
After filtering, kept 101 out of 101 Individuals
Writing 012 matrix files ... Done.
After filtering, kept 144 out of a possible 2993 Sites
Run Time = 0.00 seconds

VCFtools - 0.1.17
(C) Adam Auton and Anthony Marcketta 2009

Parameters as interpreted:
	--gzvcf /home/liz30/project/PLEIOVAR/PLEIOVAR_rpkg/renv/library/R-4.2/x86_64-pc-linux-gnu/PLEIOVAR/extdata/vcf/Sardinia.b37.ss2120.FAref.impv4.chr22.vcf.gz
	--chr 22
	--to-bp 17008573
	--012
	--out result/chrom_22/vcftools_output/gene_22_19
	--remove-filtered-all
	--from-bp 16902503

Using zlib version: 1.2.11
After filtering, kept 101 out of 101 Individuals
Writing 012 matrix files ... Done.
After filtering, kept 1 out of a possible 2993 Sites
Run Time = 0.00 seconds

VCFtools - 0.1.17
(C) Adam Auton and Anthony Marcketta 2009

Parameters as interpreted:
	--gzvcf /home/liz30/project/PLEIOVAR/PLEIOVAR_rpkg/renv/library/R-4.2/x86_64-pc-linux-gnu/PLEIOVAR/extdata/vcf/Sardinia.b37.ss2120.FAref.impv4.chr22.vcf.gz
	--chr 22
	--to-bp 16945246
	--012
	--out result/chrom_22/vcftools_output/gene_22_14
	--remove-filtered-all
	--from-bp 16841989

Using zlib version: 1.2.11
After filtering, kept 101 out of 101 Individuals
Writing 012 matrix files ... Done.
After filtering, kept 144 out of a possible 2993 Sites
Run Time = 0.00 seconds

VCFtools - 0.1.17
(C) Adam Auton and Anthony Marcketta 2009

Parameters as interpreted:
	--gzvcf /home/liz30/project/PLEIOVAR/PLEIOVAR_rpkg/renv/library/R-4.2/x86_64-pc-linux-gnu/PLEIOVAR/extdata/vcf/Sardinia.b37.ss2120.FAref.impv4.chr22.vcf.gz
	--chr 22
	--to-bp 16927135
	--012
	--out result/chrom_22/vcftools_output/gene_22_12
	--remove-filtered-all
	--from-bp 16823401

Using zlib version: 1.2.11
After filtering, kept 101 out of 101 Individuals
Writing 012 matrix files ... Done.
After filtering, kept 144 out of a possible 2993 Sites
Run Time = 0.00 seconds

VCFtools - 0.1.17
(C) Adam Auton and Anthony Marcketta 2009

Parameters as interpreted:
	--gzvcf /home/liz30/project/PLEIOVAR/PLEIOVAR_rpkg/renv/library/R-4.2/x86_64-pc-linux-gnu/PLEIOVAR/extdata/vcf/Sardinia.b37.ss2120.FAref.impv4.chr22.vcf.gz
	--chr 22
	--to-bp 16955468
	--012
	--out result/chrom_22/vcftools_output/gene_22_15
	--remove-filtered-all
	--from-bp 16849946

Using zlib version: 1.2.11
After filtering, kept 101 out of 101 Individuals
Writing 012 matrix files ... Done.
After filtering, kept 137 out of a possible 2993 Sites
Run Time = 0.00 seconds

VCFtools - 0.1.17
(C) Adam Auton and Anthony Marcketta 2009

Parameters as interpreted:
	--gzvcf /home/liz30/project/PLEIOVAR/PLEIOVAR_rpkg/renv/library/R-4.2/x86_64-pc-linux-gnu/PLEIOVAR/extdata/vcf/Sardinia.b37.ss2120.FAref.impv4.chr22.vcf.gz
	--chr 22
	--to-bp 17076121
	--012
	--out result/chrom_22/vcftools_output/gene_22_21
	--remove-filtered-all
	--from-bp 16969728

Using zlib version: 1.2.11
After filtering, kept 101 out of 101 Individuals
Writing 012 matrix files ... Done.
After filtering, kept 170 out of a possible 2993 Sites
Run Time = 0.00 seconds

VCFtools - 0.1.17
(C) Adam Auton and Anthony Marcketta 2009

Parameters as interpreted:
	--gzvcf /home/liz30/project/PLEIOVAR/PLEIOVAR_rpkg/renv/library/R-4.2/x86_64-pc-linux-gnu/PLEIOVAR/extdata/vcf/Sardinia.b37.ss2120.FAref.impv4.chr22.vcf.gz
	--chr 22
	--to-bp 17062057
	--012
	--out result/chrom_22/vcftools_output/gene_22_20
	--remove-filtered-all
	--from-bp 16955015

Using zlib version: 1.2.11
After filtering, kept 101 out of 101 Individuals
Writing 012 matrix files ... Done.
After filtering, kept 127 out of a possible 2993 Sites
Run Time = 0.00 seconds

VCFtools - 0.1.17
(C) Adam Auton and Anthony Marcketta 2009

Parameters as interpreted:
	--gzvcf /home/liz30/project/PLEIOVAR/PLEIOVAR_rpkg/renv/library/R-4.2/x86_64-pc-linux-gnu/PLEIOVAR/extdata/vcf/Sardinia.b37.ss2120.FAref.impv4.chr22.vcf.gz
	--chr 22
	--to-bp 17087779
	--012
	--out result/chrom_22/vcftools_output/gene_22_22
	--remove-filtered-all
	--from-bp 16983618

Using zlib version: 1.2.11
After filtering, kept 101 out of 101 Individuals
Writing 012 matrix files ... Done.
After filtering, kept 200 out of a possible 2993 Sites
Run Time = 0.00 seconds

VCFtools - 0.1.17
(C) Adam Auton and Anthony Marcketta 2009

Parameters as interpreted:
	--gzvcf /home/liz30/project/PLEIOVAR/PLEIOVAR_rpkg/renv/library/R-4.2/x86_64-pc-linux-gnu/PLEIOVAR/extdata/vcf/Sardinia.b37.ss2120.FAref.impv4.chr22.vcf.gz
	--chr 22
	--to-bp 17110684
	--012
	--out result/chrom_22/vcftools_output/gene_22_23
	--remove-filtered-all
	--from-bp 17001419

Using zlib version: 1.2.11
After filtering, kept 101 out of 101 Individuals
Writing 012 matrix files ... Done.
After filtering, kept 281 out of a possible 2993 Sites
Run Time = 0.00 seconds

VCFtools - 0.1.17
(C) Adam Auton and Anthony Marcketta 2009

Parameters as interpreted:
	--gzvcf /home/liz30/project/PLEIOVAR/PLEIOVAR_rpkg/renv/library/R-4.2/x86_64-pc-linux-gnu/PLEIOVAR/extdata/vcf/Sardinia.b37.ss2120.FAref.impv4.chr22.vcf.gz
	--chr 22
	--to-bp 17129417
	--012
	--out result/chrom_22/vcftools_output/gene_22_24
	--remove-filtered-all
	--from-bp 17019064

Using zlib version: 1.2.11
After filtering, kept 101 out of 101 Individuals
Writing 012 matrix files ... Done.
After filtering, kept 334 out of a possible 2993 Sites
Run Time = 0.00 seconds

VCFtools - 0.1.17
(C) Adam Auton and Anthony Marcketta 2009

Parameters as interpreted:
	--gzvcf /home/liz30/project/PLEIOVAR/PLEIOVAR_rpkg/renv/library/R-4.2/x86_64-pc-linux-gnu/PLEIOVAR/extdata/vcf/Sardinia.b37.ss2120.FAref.impv4.chr22.vcf.gz
	--chr 22
	--to-bp 17277182
	--012
	--out result/chrom_22/vcftools_output/gene_22_30
	--remove-filtered-all
	--from-bp 17170864

Using zlib version: 1.2.11
After filtering, kept 101 out of 101 Individuals
Writing 012 matrix files ... Done.
After filtering, kept 91 out of a possible 2993 Sites
Run Time = 0.00 seconds

VCFtools - 0.1.17
(C) Adam Auton and Anthony Marcketta 2009

Parameters as interpreted:
	--gzvcf /home/liz30/project/PLEIOVAR/PLEIOVAR_rpkg/renv/library/R-4.2/x86_64-pc-linux-gnu/PLEIOVAR/extdata/vcf/Sardinia.b37.ss2120.FAref.impv4.chr22.vcf.gz
	--chr 22
	--to-bp 17180142
	--012
	--out result/chrom_22/vcftools_output/gene_22_27
	--remove-filtered-all
	--from-bp 17072884

Using zlib version: 1.2.11
After filtering, kept 101 out of 101 Individuals
Writing 012 matrix files ... Done.
After filtering, kept 281 out of a possible 2993 Sites
Run Time = 0.00 seconds

VCFtools - 0.1.17
(C) Adam Auton and Anthony Marcketta 2009

Parameters as interpreted:
	--gzvcf /home/liz30/project/PLEIOVAR/PLEIOVAR_rpkg/renv/library/R-4.2/x86_64-pc-linux-gnu/PLEIOVAR/extdata/vcf/Sardinia.b37.ss2120.FAref.impv4.chr22.vcf.gz
	--chr 22
	--to-bp 17258423
	--012
	--out result/chrom_22/vcftools_output/gene_22_29
	--remove-filtered-all
	--from-bp 17128684

Using zlib version: 1.2.11
After filtering, kept 101 out of 101 Individuals
Writing 012 matrix files ... Done.
After filtering, kept 187 out of a possible 2993 Sites
Run Time = 0.00 seconds

VCFtools - 0.1.17
(C) Adam Auton and Anthony Marcketta 2009

Parameters as interpreted:
	--gzvcf /home/liz30/project/PLEIOVAR/PLEIOVAR_rpkg/renv/library/R-4.2/x86_64-pc-linux-gnu/PLEIOVAR/extdata/vcf/Sardinia.b37.ss2120.FAref.impv4.chr22.vcf.gz
	--chr 22
	--to-bp 17198316
	--012
	--out result/chrom_22/vcftools_output/gene_22_28
	--remove-filtered-all
	--from-bp 17089672

Using zlib version: 1.2.11
After filtering, kept 101 out of 101 Individuals
Writing 012 matrix files ... Done.
After filtering, kept 241 out of a possible 2993 Sites
Run Time = 0.00 seconds

VCFtools - 0.1.17
(C) Adam Auton and Anthony Marcketta 2009

Parameters as interpreted:
	--gzvcf /home/liz30/project/PLEIOVAR/PLEIOVAR_rpkg/renv/library/R-4.2/x86_64-pc-linux-gnu/PLEIOVAR/extdata/vcf/Sardinia.b37.ss2120.FAref.impv4.chr22.vcf.gz
	--chr 22
	--to-bp 17145509
	--012
	--out result/chrom_22/vcftools_output/gene_22_25
	--remove-filtered-all
	--from-bp 17039326

Using zlib version: 1.2.11
After filtering, kept 101 out of 101 Individuals
Writing 012 matrix files ... Done.
After filtering, kept 334 out of a possible 2993 Sites
Run Time = 0.00 seconds

VCFtools - 0.1.17
(C) Adam Auton and Anthony Marcketta 2009

Parameters as interpreted:
	--gzvcf /home/liz30/project/PLEIOVAR/PLEIOVAR_rpkg/renv/library/R-4.2/x86_64-pc-linux-gnu/PLEIOVAR/extdata/vcf/Sardinia.b37.ss2120.FAref.impv4.chr22.vcf.gz
	--chr 22
	--to-bp 17163826
	--012
	--out result/chrom_22/vcftools_output/gene_22_26
	--remove-filtered-all
	--from-bp 17054976

Using zlib version: 1.2.11
After filtering, kept 101 out of 101 Individuals
Writing 012 matrix files ... Done.
After filtering, kept 329 out of a possible 2993 Sites
Run Time = 0.00 seconds

VCFtools - 0.1.17
(C) Adam Auton and Anthony Marcketta 2009

Parameters as interpreted:
	--gzvcf /tmp/RtmpyoLrqo/temp_libpath3726b3534d40b2/PLEIOVAR/extdata/vcf/Sardinia.b37.ss2120.FAref.impv4.chr20.vcf.gz
	--chr 20
	--to-bp 132223
	--012
	--out result/chrom_20/vcftools_output/gene_20_1
	--remove-filtered-all
	--from-bp 24347

Using zlib version: 1.2.11
After filtering, kept 101 out of 101 Individuals
Writing 012 matrix files ... Done.
After filtering, kept 231 out of a possible 2993 Sites
Run Time = 0.00 seconds

VCFtools - 0.1.17
(C) Adam Auton and Anthony Marcketta 2009

Parameters as interpreted:
	--gzvcf /tmp/RtmpyoLrqo/temp_libpath3726b3534d40b2/PLEIOVAR/extdata/vcf/Sardinia.b37.ss2120.FAref.impv4.chr20.vcf.gz
	--chr 20
	--to-bp 151355
	--012
	--out result/chrom_20/vcftools_output/gene_20_2
	--remove-filtered-all
	--from-bp 43684

Using zlib version: 1.2.11
After filtering, kept 101 out of 101 Individuals
Writing 012 matrix files ... Done.
After filtering, kept 339 out of a possible 2993 Sites
Run Time = 0.00 seconds

VCFtools - 0.1.17
(C) Adam Auton and Anthony Marcketta 2009

Parameters as interpreted:
	--gzvcf /tmp/RtmpyoLrqo/temp_libpath3726b3534d40b2/PLEIOVAR/extdata/vcf/Sardinia.b37.ss2120.FAref.impv4.chr20.vcf.gz
	--chr 20
	--to-bp 212697
	--012
	--out result/chrom_20/vcftools_output/gene_20_6
	--remove-filtered-all
	--from-bp 107272

Using zlib version: 1.2.11
After filtering, kept 101 out of 101 Individuals
Writing 012 matrix files ... Done.
After filtering, kept 531 out of a possible 2993 Sites
Run Time = 0.00 seconds

VCFtools - 0.1.17
(C) Adam Auton and Anthony Marcketta 2009

Parameters as interpreted:
	--gzvcf /tmp/RtmpyoLrqo/temp_libpath3726b3534d40b2/PLEIOVAR/extdata/vcf/Sardinia.b37.ss2120.FAref.impv4.chr20.vcf.gz
	--chr 20
	--to-bp 176149
	--012
	--out result/chrom_20/vcftools_output/gene_20_3
	--remove-filtered-all
	--from-bp 60761

Using zlib version: 1.2.11
After filtering, kept 101 out of 101 Individuals
Writing 012 matrix files ... Done.
After filtering, kept 529 out of a possible 2993 Sites
Run Time = 0.00 seconds

VCFtools - 0.1.17
(C) Adam Auton and Anthony Marcketta 2009

Parameters as interpreted:
	--gzvcf /tmp/RtmpyoLrqo/temp_libpath3726b3534d40b2/PLEIOVAR/extdata/vcf/Sardinia.b37.ss2120.FAref.impv4.chr20.vcf.gz
	--chr 20
	--to-bp 189154
	--012
	--out result/chrom_20/vcftools_output/gene_20_4
	--remove-filtered-all
	--from-bp 84136

Using zlib version: 1.2.11
After filtering, kept 101 out of 101 Individuals
Writing 012 matrix files ... Done.
After filtering, kept 523 out of a possible 2993 Sites
Run Time = 0.00 seconds

VCFtools - 0.1.17
(C) Adam Auton and Anthony Marcketta 2009

Parameters as interpreted:
	--gzvcf /tmp/RtmpyoLrqo/temp_libpath3726b3534d40b2/PLEIOVAR/extdata/vcf/Sardinia.b37.ss2120.FAref.impv4.chr20.vcf.gz
	--chr 20
	--to-bp 204322
	--012
	--out result/chrom_20/vcftools_output/gene_20_5
	--remove-filtered-all
	--from-bp 97745

Using zlib version: 1.2.11
After filtering, kept 101 out of 101 Individuals
Writing 012 matrix files ... Done.
After filtering, kept 524 out of a possible 2993 Sites
Run Time = 0.00 seconds

VCFtools - 0.1.17
(C) Adam Auton and Anthony Marcketta 2009

Parameters as interpreted:
	--gzvcf /tmp/RtmpyoLrqo/temp_libpath3726b3534d40b2/PLEIOVAR/extdata/vcf/Sardinia.b37.ss2120.FAref.impv4.chr20.vcf.gz
	--chr 20
	--to-bp 224607
	--012
	--out result/chrom_20/vcftools_output/gene_20_7
	--remove-filtered-all
	--from-bp 118241

Using zlib version: 1.2.11
After filtering, kept 101 out of 101 Individuals
Writing 012 matrix files ... Done.
After filtering, kept 605 out of a possible 2993 Sites
Run Time = 0.00 seconds

VCFtools - 0.1.17
(C) Adam Auton and Anthony Marcketta 2009

Parameters as interpreted:
	--gzvcf /tmp/RtmpyoLrqo/temp_libpath3726b3534d40b2/PLEIOVAR/extdata/vcf/Sardinia.b37.ss2120.FAref.impv4.chr20.vcf.gz
	--chr 20
	--to-bp 243092
	--012
	--out result/chrom_20/vcftools_output/gene_20_8
	--remove-filtered-all
	--from-bp 133222

Using zlib version: 1.2.11
After filtering, kept 101 out of 101 Individuals
Writing 012 matrix files ... Done.
After filtering, kept 692 out of a possible 2993 Sites
Run Time = 0.00 seconds

VCFtools - 0.1.17
(C) Adam Auton and Anthony Marcketta 2009

Parameters as interpreted:
	--gzvcf /tmp/RtmpyoLrqo/temp_libpath3726b3534d40b2/PLEIOVAR/extdata/vcf/Sardinia.b37.ss2120.FAref.impv4.chr20.vcf.gz
	--chr 20
	--to-bp 273194
	--012
	--out result/chrom_20/vcftools_output/gene_20_10
	--remove-filtered-all
	--from-bp 169286

Using zlib version: 1.2.11
After filtering, kept 101 out of 101 Individuals
Writing 012 matrix files ... Done.
After filtering, kept 622 out of a possible 2993 Sites
Run Time = 0.00 seconds

VCFtools - 0.1.17
(C) Adam Auton and Anthony Marcketta 2009

Parameters as interpreted:
	--gzvcf /tmp/RtmpyoLrqo/temp_libpath3726b3534d40b2/PLEIOVAR/extdata/vcf/Sardinia.b37.ss2120.FAref.impv4.chr20.vcf.gz
	--chr 20
	--to-bp 262528
	--012
	--out result/chrom_20/vcftools_output/gene_20_9
	--remove-filtered-all
	--from-bp 154093

Using zlib version: 1.2.11
After filtering, kept 101 out of 101 Individuals
Writing 012 matrix files ... Done.
After filtering, kept 699 out of a possible 2993 Sites
Run Time = 0.00 seconds

VCFtools - 0.1.17
(C) Adam Auton and Anthony Marcketta 2009

Parameters as interpreted:
	--gzvcf /tmp/RtmpyoLrqo/temp_libpath3726b3534d40b2/PLEIOVAR/extdata/vcf/Sardinia.b37.ss2120.FAref.impv4.chr20.vcf.gz
	--chr 20
	--to-bp 319703
	--012
	--out result/chrom_20/vcftools_output/gene_20_14
	--remove-filtered-all
	--from-bp 214052

Using zlib version: 1.2.11
After filtering, kept 101 out of 101 Individuals
Writing 012 matrix files ... Done.
After filtering, kept 652 out of a possible 2993 Sites
Run Time = 0.00 seconds

VCFtools - 0.1.17
(C) Adam Auton and Anthony Marcketta 2009

Parameters as interpreted:
	--gzvcf /tmp/RtmpyoLrqo/temp_libpath3726b3534d40b2/PLEIOVAR/extdata/vcf/Sardinia.b37.ss2120.FAref.impv4.chr20.vcf.gz
	--chr 20
	--to-bp 337179
	--012
	--out result/chrom_20/vcftools_output/gene_20_15
	--remove-filtered-all
	--from-bp 230915

Using zlib version: 1.2.11
After filtering, kept 101 out of 101 Individuals
Writing 012 matrix files ... Done.
After filtering, kept 570 out of a possible 2993 Sites
Run Time = 0.00 seconds

VCFtools - 0.1.17
(C) Adam Auton and Anthony Marcketta 2009

Parameters as interpreted:
	--gzvcf /tmp/RtmpyoLrqo/temp_libpath3726b3534d40b2/PLEIOVAR/extdata/vcf/Sardinia.b37.ss2120.FAref.impv4.chr20.vcf.gz
	--chr 20
	--to-bp 282739
	--012
	--out result/chrom_20/vcftools_output/gene_20_11
	--remove-filtered-all
	--from-bp 178206

Using zlib version: 1.2.11
After filtering, kept 101 out of 101 Individuals
Writing 012 matrix files ... Done.
After filtering, kept 602 out of a possible 2993 Sites
Run Time = 0.00 seconds

VCFtools - 0.1.17
(C) Adam Auton and Anthony Marcketta 2009

Parameters as interpreted:
	--gzvcf /tmp/RtmpyoLrqo/temp_libpath3726b3534d40b2/PLEIOVAR/extdata/vcf/Sardinia.b37.ss2120.FAref.impv4.chr20.vcf.gz
	--chr 20
	--to-bp 308748
	--012
	--out result/chrom_20/vcftools_output/gene_20_13
	--remove-filtered-all
	--from-bp 203854

Using zlib version: 1.2.11
After filtering, kept 101 out of 101 Individuals
Writing 012 matrix files ... Done.
After filtering, kept 653 out of a possible 2993 Sites
Run Time = 0.00 seconds

VCFtools - 0.1.17
(C) Adam Auton and Anthony Marcketta 2009

Parameters as interpreted:
	--gzvcf /tmp/RtmpyoLrqo/temp_libpath3726b3534d40b2/PLEIOVAR/extdata/vcf/Sardinia.b37.ss2120.FAref.impv4.chr20.vcf.gz
	--chr 20
	--to-bp 369050
	--012
	--out result/chrom_20/vcftools_output/gene_20_17
	--remove-filtered-all
	--from-bp 263876

Using zlib version: 1.2.11
After filtering, kept 101 out of 101 Individuals
Writing 012 matrix files ... Done.
After filtering, kept 565 out of a possible 2993 Sites
Run Time = 0.00 seconds

VCFtools - 0.1.17
(C) Adam Auton and Anthony Marcketta 2009

Parameters as interpreted:
	--gzvcf /tmp/RtmpyoLrqo/temp_libpath3726b3534d40b2/PLEIOVAR/extdata/vcf/Sardinia.b37.ss2120.FAref.impv4.chr20.vcf.gz
	--chr 20
	--to-bp 294333
	--012
	--out result/chrom_20/vcftools_output/gene_20_12
	--remove-filtered-all
	--from-bp 188540

Using zlib version: 1.2.11
After filtering, kept 101 out of 101 Individuals
Writing 012 matrix files ... Done.
After filtering, kept 642 out of a possible 2993 Sites
Run Time = 0.00 seconds

VCFtools - 0.1.17
(C) Adam Auton and Anthony Marcketta 2009

Parameters as interpreted:
	--gzvcf /tmp/RtmpyoLrqo/temp_libpath3726b3534d40b2/PLEIOVAR/extdata/vcf/Sardinia.b37.ss2120.FAref.impv4.chr20.vcf.gz
	--chr 20
	--to-bp 352382
	--012
	--out result/chrom_20/vcftools_output/gene_20_16
	--remove-filtered-all
	--from-bp 243240

Using zlib version: 1.2.11
After filtering, kept 101 out of 101 Individuals
Writing 012 matrix files ... Done.
After filtering, kept 587 out of a possible 2993 Sites
Run Time = 0.00 seconds

VCFtools - 0.1.17
(C) Adam Auton and Anthony Marcketta 2009

Parameters as interpreted:
	--gzvcf /tmp/RtmpyoLrqo/temp_libpath3726b3534d40b2/PLEIOVAR/extdata/vcf/Sardinia.b37.ss2120.FAref.impv4.chr20.vcf.gz
	--chr 20
	--to-bp 407828
	--012
	--out result/chrom_20/vcftools_output/gene_20_20
	--remove-filtered-all
	--from-bp 303697

Using zlib version: 1.2.11
After filtering, kept 101 out of 101 Individuals
Writing 012 matrix files ... Done.
After filtering, kept 593 out of a possible 2993 Sites
Run Time = 0.00 seconds

VCFtools - 0.1.17
(C) Adam Auton and Anthony Marcketta 2009

Parameters as interpreted:
	--gzvcf /tmp/RtmpyoLrqo/temp_libpath3726b3534d40b2/PLEIOVAR/extdata/vcf/Sardinia.b37.ss2120.FAref.impv4.chr20.vcf.gz
	--chr 20
	--to-bp 387286
	--012
	--out result/chrom_20/vcftools_output/gene_20_18
	--remove-filtered-all
	--from-bp 276919

Using zlib version: 1.2.11
After filtering, kept 101 out of 101 Individuals
Writing 012 matrix files ... Done.
After filtering, kept 614 out of a possible 2993 Sites
Run Time = 0.00 seconds

VCFtools - 0.1.17
(C) Adam Auton and Anthony Marcketta 2009

Parameters as interpreted:
	--gzvcf /tmp/RtmpyoLrqo/temp_libpath3726b3534d40b2/PLEIOVAR/extdata/vcf/Sardinia.b37.ss2120.FAref.impv4.chr20.vcf.gz
	--chr 20
	--to-bp 398775
	--012
	--out result/chrom_20/vcftools_output/gene_20_19
	--remove-filtered-all
	--from-bp 294079

Using zlib version: 1.2.11
After filtering, kept 101 out of 101 Individuals
Writing 012 matrix files ... Done.
After filtering, kept 580 out of a possible 2993 Sites
Run Time = 0.00 seconds

VCFtools - 0.1.17
(C) Adam Auton and Anthony Marcketta 2009

Parameters as interpreted:
	--gzvcf /tmp/RtmpyoLrqo/temp_libpath3726b3534d40b2/PLEIOVAR/extdata/vcf/Sardinia.b37.ss2120.FAref.impv4.chr20.vcf.gz
	--chr 20
	--to-bp 434503
	--012
	--out result/chrom_20/vcftools_output/gene_20_22
	--remove-filtered-all
	--from-bp 327979

Using zlib version: 1.2.11
After filtering, kept 101 out of 101 Individuals
Writing 012 matrix files ... Done.
After filtering, kept 585 out of a possible 2993 Sites
Run Time = 0.00 seconds

VCFtools - 0.1.17
(C) Adam Auton and Anthony Marcketta 2009

Parameters as interpreted:
	--gzvcf /tmp/RtmpyoLrqo/temp_libpath3726b3534d40b2/PLEIOVAR/extdata/vcf/Sardinia.b37.ss2120.FAref.impv4.chr20.vcf.gz
	--chr 20
	--to-bp 420801
	--012
	--out result/chrom_20/vcftools_output/gene_20_21
	--remove-filtered-all
	--from-bp 313729

Using zlib version: 1.2.11
After filtering, kept 101 out of 101 Individuals
Writing 012 matrix files ... Done.
After filtering, kept 604 out of a possible 2993 Sites
Run Time = 0.00 seconds

VCFtools - 0.1.17
(C) Adam Auton and Anthony Marcketta 2009

Parameters as interpreted:
	--gzvcf /tmp/RtmpyoLrqo/temp_libpath3726b3534d40b2/PLEIOVAR/extdata/vcf/Sardinia.b37.ss2120.FAref.impv4.chr20.vcf.gz
	--chr 20
	--to-bp 449226
	--012
	--out result/chrom_20/vcftools_output/gene_20_23
	--remove-filtered-all
	--from-bp 342127

Using zlib version: 1.2.11
After filtering, kept 101 out of 101 Individuals
Writing 012 matrix files ... Done.
After filtering, kept 573 out of a possible 2993 Sites
Run Time = 0.00 seconds

VCFtools - 0.1.17
(C) Adam Auton and Anthony Marcketta 2009

Parameters as interpreted:
	--gzvcf /tmp/RtmpyoLrqo/temp_libpath3726b3534d40b2/PLEIOVAR/extdata/vcf/Sardinia.b37.ss2120.FAref.impv4.chr20.vcf.gz
	--chr 20
	--to-bp 468118
	--012
	--out result/chrom_20/vcftools_output/gene_20_24
	--remove-filtered-all
	--from-bp 357059

Using zlib version: 1.2.11
After filtering, kept 101 out of 101 Individuals
Writing 012 matrix files ... Done.
After filtering, kept 523 out of a possible 2993 Sites
Run Time = 0.00 seconds

VCFtools - 0.1.17
(C) Adam Auton and Anthony Marcketta 2009

Parameters as interpreted:
	--gzvcf /tmp/RtmpyoLrqo/temp_libpath3726b3534d40b2/PLEIOVAR/extdata/vcf/Sardinia.b37.ss2120.FAref.impv4.chr20.vcf.gz
	--chr 20
	--to-bp 488953
	--012
	--out result/chrom_20/vcftools_output/gene_20_25
	--remove-filtered-all
	--from-bp 379722

Using zlib version: 1.2.11
After filtering, kept 101 out of 101 Individuals
Writing 012 matrix files ... Done.
After filtering, kept 447 out of a possible 2993 Sites
Run Time = 0.00 seconds

VCFtools - 0.1.17
(C) Adam Auton and Anthony Marcketta 2009

Parameters as interpreted:
	--gzvcf /tmp/RtmpyoLrqo/temp_libpath3726b3534d40b2/PLEIOVAR/extdata/vcf/Sardinia.b37.ss2120.FAref.impv4.chr20.vcf.gz
	--chr 20
	--to-bp 536810
	--012
	--out result/chrom_20/vcftools_output/gene_20_27
	--remove-filtered-all
	--from-bp 426285

Using zlib version: 1.2.11
After filtering, kept 101 out of 101 Individuals
Writing 012 matrix files ... Done.
After filtering, kept 362 out of a possible 2993 Sites
Run Time = 0.00 seconds

VCFtools - 0.1.17
(C) Adam Auton and Anthony Marcketta 2009

Parameters as interpreted:
	--gzvcf /tmp/RtmpyoLrqo/temp_libpath3726b3534d40b2/PLEIOVAR/extdata/vcf/Sardinia.b37.ss2120.FAref.impv4.chr20.vcf.gz
	--chr 20
	--to-bp 556607
	--012
	--out result/chrom_20/vcftools_output/gene_20_28
	--remove-filtered-all
	--from-bp 448140

Using zlib version: 1.2.11
After filtering, kept 101 out of 101 Individuals
Writing 012 matrix files ... Done.
After filtering, kept 327 out of a possible 2993 Sites
Run Time = 0.00 seconds

VCFtools - 0.1.17
(C) Adam Auton and Anthony Marcketta 2009

Parameters as interpreted:
	--gzvcf /tmp/RtmpyoLrqo/temp_libpath3726b3534d40b2/PLEIOVAR/extdata/vcf/Sardinia.b37.ss2120.FAref.impv4.chr20.vcf.gz
	--chr 20
	--to-bp 581455
	--012
	--out result/chrom_20/vcftools_output/gene_20_29
	--remove-filtered-all
	--from-bp 470471

Using zlib version: 1.2.11
After filtering, kept 101 out of 101 Individuals
Writing 012 matrix files ... Done.
After filtering, kept 248 out of a possible 2993 Sites
Run Time = 0.00 seconds

VCFtools - 0.1.17
(C) Adam Auton and Anthony Marcketta 2009

Parameters as interpreted:
	--gzvcf /tmp/RtmpyoLrqo/temp_libpath3726b3534d40b2/PLEIOVAR/extdata/vcf/Sardinia.b37.ss2120.FAref.impv4.chr20.vcf.gz
	--chr 20
	--to-bp 594040
	--012
	--out result/chrom_20/vcftools_output/gene_20_30
	--remove-filtered-all
	--from-bp 487678

Using zlib version: 1.2.11
After filtering, kept 101 out of 101 Individuals
Writing 012 matrix files ... Done.
After filtering, kept 195 out of a possible 2993 Sites
Run Time = 0.00 seconds

VCFtools - 0.1.17
(C) Adam Auton and Anthony Marcketta 2009

Parameters as interpreted:
	--gzvcf /tmp/RtmpyoLrqo/temp_libpath3726b3534d40b2/PLEIOVAR/extdata/vcf/Sardinia.b37.ss2120.FAref.impv4.chr20.vcf.gz
	--chr 20
	--to-bp 509306
	--012
	--out result/chrom_20/vcftools_output/gene_20_26
	--remove-filtered-all
	--from-bp 400375

Using zlib version: 1.2.11
After filtering, kept 101 out of 101 Individuals
Writing 012 matrix files ... Done.
After filtering, kept 386 out of a possible 2993 Sites
Run Time = 0.00 seconds

VCFtools - 0.1.17
(C) Adam Auton and Anthony Marcketta 2009

Parameters as interpreted:
	--gzvcf /tmp/RtmpyoLrqo/temp_libpath3726b3534d40b2/PLEIOVAR/extdata/vcf/Sardinia.b37.ss2120.FAref.impv4.chr21.vcf.gz
	--chr 21
	--to-bp 10923195
	--012
	--out result/chrom_21/vcftools_output/gene_21_1
	--remove-filtered-all
	--from-bp 10817782

Using zlib version: 1.2.11
After filtering, kept 101 out of 101 Individuals
Writing 012 matrix files ... Done.
After filtering, kept 19 out of a possible 2993 Sites
Run Time = 0.00 seconds

VCFtools - 0.1.17
(C) Adam Auton and Anthony Marcketta 2009

Parameters as interpreted:
	--gzvcf /tmp/RtmpyoLrqo/temp_libpath3726b3534d40b2/PLEIOVAR/extdata/vcf/Sardinia.b37.ss2120.FAref.impv4.chr21.vcf.gz
	--chr 21
	--to-bp 10948038
	--012
	--out result/chrom_21/vcftools_output/gene_21_3
	--remove-filtered-all
	--from-bp 10840023

Using zlib version: 1.2.11
After filtering, kept 101 out of 101 Individuals
Writing 012 matrix files ... Done.
After filtering, kept 19 out of a possible 2993 Sites
Run Time = 0.00 seconds

VCFtools - 0.1.17
(C) Adam Auton and Anthony Marcketta 2009

Parameters as interpreted:
	--gzvcf /tmp/RtmpyoLrqo/temp_libpath3726b3534d40b2/PLEIOVAR/extdata/vcf/Sardinia.b37.ss2120.FAref.impv4.chr21.vcf.gz
	--chr 21
	--to-bp 10933662
	--012
	--out result/chrom_21/vcftools_output/gene_21_2
	--remove-filtered-all
	--from-bp 10828053

Using zlib version: 1.2.11
After filtering, kept 101 out of 101 Individuals
Writing 012 matrix files ... Done.
After filtering, kept 19 out of a possible 2993 Sites
Run Time = 0.00 seconds

VCFtools - 0.1.17
(C) Adam Auton and Anthony Marcketta 2009

Parameters as interpreted:
	--gzvcf /tmp/RtmpyoLrqo/temp_libpath3726b3534d40b2/PLEIOVAR/extdata/vcf/Sardinia.b37.ss2120.FAref.impv4.chr21.vcf.gz
	--chr 21
	--to-bp 10961677
	--012
	--out result/chrom_21/vcftools_output/gene_21_4
	--remove-filtered-all
	--from-bp 10854951

Using zlib version: 1.2.11
After filtering, kept 101 out of 101 Individuals
Writing 012 matrix files ... Done.
After filtering, kept 19 out of a possible 2993 Sites
Run Time = 0.00 seconds

VCFtools - 0.1.17
(C) Adam Auton and Anthony Marcketta 2009

Parameters as interpreted:
	--gzvcf /tmp/RtmpyoLrqo/temp_libpath3726b3534d40b2/PLEIOVAR/extdata/vcf/Sardinia.b37.ss2120.FAref.impv4.chr21.vcf.gz
	--chr 21
	--to-bp 10993696
	--012
	--out result/chrom_21/vcftools_output/gene_21_6
	--remove-filtered-all
	--from-bp 10885728

Using zlib version: 1.2.11
After filtering, kept 101 out of 101 Individuals
Writing 012 matrix files ... Done.
After filtering, kept 3 out of a possible 2993 Sites
Run Time = 1.00 seconds

VCFtools - 0.1.17
(C) Adam Auton and Anthony Marcketta 2009

Parameters as interpreted:
	--gzvcf /tmp/RtmpyoLrqo/temp_libpath3726b3534d40b2/PLEIOVAR/extdata/vcf/Sardinia.b37.ss2120.FAref.impv4.chr21.vcf.gz
	--chr 21
	--to-bp 11027782
	--012
	--out result/chrom_21/vcftools_output/gene_21_8
	--remove-filtered-all
	--from-bp 10917996

Using zlib version: 1.2.11
After filtering, kept 101 out of 101 Individuals
Writing 012 matrix files ... Done.
After filtering, kept 1 out of a possible 2993 Sites
Run Time = 1.00 seconds

VCFtools - 0.1.17
(C) Adam Auton and Anthony Marcketta 2009

Parameters as interpreted:
	--gzvcf /tmp/RtmpyoLrqo/temp_libpath3726b3534d40b2/PLEIOVAR/extdata/vcf/Sardinia.b37.ss2120.FAref.impv4.chr21.vcf.gz
	--chr 21
	--to-bp 10976924
	--012
	--out result/chrom_21/vcftools_output/gene_21_5
	--remove-filtered-all
	--from-bp 10868703

Using zlib version: 1.2.11
After filtering, kept 101 out of 101 Individuals
Writing 012 matrix files ... Done.
After filtering, kept 12 out of a possible 2993 Sites
Run Time = 1.00 seconds

VCFtools - 0.1.17
(C) Adam Auton and Anthony Marcketta 2009

Parameters as interpreted:
	--gzvcf /tmp/RtmpyoLrqo/temp_libpath3726b3534d40b2/PLEIOVAR/extdata/vcf/Sardinia.b37.ss2120.FAref.impv4.chr21.vcf.gz
	--chr 21
	--to-bp 11010049
	--012
	--out result/chrom_21/vcftools_output/gene_21_7
	--remove-filtered-all
	--from-bp 10900631

Using zlib version: 1.2.11
After filtering, kept 101 out of 101 Individuals
Writing 012 matrix files ... Done.
After filtering, kept 3 out of a possible 2993 Sites
Run Time = 1.00 seconds

VCFtools - 0.1.17
(C) Adam Auton and Anthony Marcketta 2009

Parameters as interpreted:
	--gzvcf /tmp/RtmpyoLrqo/temp_libpath3726b3534d40b2/PLEIOVAR/extdata/vcf/Sardinia.b37.ss2120.FAref.impv4.chr21.vcf.gz
	--chr 21
	--to-bp 14399395
	--012
	--out result/chrom_21/vcftools_output/gene_21_14
	--remove-filtered-all
	--from-bp 14295640

Using zlib version: 1.2.11
After filtering, kept 101 out of 101 Individuals
Writing 012 matrix files ... Done.
After filtering, kept 0 out of a possible 2993 Sites
No data left for analysis!
Run Time = 1.00 seconds

VCFtools - 0.1.17
(C) Adam Auton and Anthony Marcketta 2009

Parameters as interpreted:
	--gzvcf /tmp/RtmpyoLrqo/temp_libpath3726b3534d40b2/PLEIOVAR/extdata/vcf/Sardinia.b37.ss2120.FAref.impv4.chr21.vcf.gz
	--chr 21
	--to-bp 11148573
	--012
	--out result/chrom_21/vcftools_output/gene_21_11
	--remove-filtered-all
	--from-bp 11019173

Using zlib version: 1.2.11
After filtering, kept 101 out of 101 Individuals
Writing 012 matrix files ... Done.
After filtering, kept 1 out of a possible 2993 Sites
Run Time = 1.00 seconds

VCFtools - 0.1.17
(C) Adam Auton and Anthony Marcketta 2009

Parameters as interpreted:
	--gzvcf /tmp/RtmpyoLrqo/temp_libpath3726b3534d40b2/PLEIOVAR/extdata/vcf/Sardinia.b37.ss2120.FAref.impv4.chr21.vcf.gz
	--chr 21
	--to-bp 14431692
	--012
	--out result/chrom_21/vcftools_output/gene_21_18
	--remove-filtered-all
	--from-bp 14325551

Using zlib version: 1.2.11
After filtering, kept 101 out of 101 Individuals
Writing 012 matrix files ... Done.
After filtering, kept 0 out of a possible 2993 Sites
No data left for analysis!
Run Time = 1.00 seconds

VCFtools - 0.1.17
(C) Adam Auton and Anthony Marcketta 2009

Parameters as interpreted:
	--gzvcf /tmp/RtmpyoLrqo/temp_libpath3726b3534d40b2/PLEIOVAR/extdata/vcf/Sardinia.b37.ss2120.FAref.impv4.chr21.vcf.gz
	--chr 21
	--to-bp 11076722
	--012
	--out result/chrom_21/vcftools_output/gene_21_10
	--remove-filtered-all
	--from-bp 10949670

Using zlib version: 1.2.11
After filtering, kept 101 out of 101 Individuals
Writing 012 matrix files ... Done.
After filtering, kept 0 out of a possible 2993 Sites
No data left for analysis!
Run Time = 1.00 seconds

VCFtools - 0.1.17
(C) Adam Auton and Anthony Marcketta 2009

Parameters as interpreted:
	--gzvcf /tmp/RtmpyoLrqo/temp_libpath3726b3534d40b2/PLEIOVAR/extdata/vcf/Sardinia.b37.ss2120.FAref.impv4.chr21.vcf.gz
	--chr 21
	--to-bp 11043625
	--012
	--out result/chrom_21/vcftools_output/gene_21_9
	--remove-filtered-all
	--from-bp 10936454

Using zlib version: 1.2.11
After filtering, kept 101 out of 101 Individuals
Writing 012 matrix files ... Done.
After filtering, kept 0 out of a possible 2993 Sites
No data left for analysis!
Run Time = 1.00 seconds

VCFtools - 0.1.17
(C) Adam Auton and Anthony Marcketta 2009

Parameters as interpreted:
	--gzvcf /tmp/RtmpyoLrqo/temp_libpath3726b3534d40b2/PLEIOVAR/extdata/vcf/Sardinia.b37.ss2120.FAref.impv4.chr21.vcf.gz
	--chr 21
	--to-bp 14392515
	--012
	--out result/chrom_21/vcftools_output/gene_21_13
	--remove-filtered-all
	--from-bp 14290127

Using zlib version: 1.2.11
After filtering, kept 101 out of 101 Individuals
Writing 012 matrix files ... Done.
After filtering, kept 0 out of a possible 2993 Sites
No data left for analysis!
Run Time = 1.00 seconds

VCFtools - 0.1.17
(C) Adam Auton and Anthony Marcketta 2009

Parameters as interpreted:
	--gzvcf /tmp/RtmpyoLrqo/temp_libpath3726b3534d40b2/PLEIOVAR/extdata/vcf/Sardinia.b37.ss2120.FAref.impv4.chr21.vcf.gz
	--chr 21
	--to-bp 14407997
	--012
	--out result/chrom_21/vcftools_output/gene_21_15
	--remove-filtered-all
	--from-bp 14303831

Using zlib version: 1.2.11
After filtering, kept 101 out of 101 Individuals
Writing 012 matrix files ... Done.
After filtering, kept 0 out of a possible 2993 Sites
No data left for analysis!
Run Time = 1.00 seconds

VCFtools - 0.1.17
(C) Adam Auton and Anthony Marcketta 2009

Parameters as interpreted:
	--gzvcf /tmp/RtmpyoLrqo/temp_libpath3726b3534d40b2/PLEIOVAR/extdata/vcf/Sardinia.b37.ss2120.FAref.impv4.chr21.vcf.gz
	--chr 21
	--to-bp 14414138
	--012
	--out result/chrom_21/vcftools_output/gene_21_16
	--remove-filtered-all
	--from-bp 14311326

Using zlib version: 1.2.11
After filtering, kept 101 out of 101 Individuals
Writing 012 matrix files ... Done.
After filtering, kept 0 out of a possible 2993 Sites
No data left for analysis!
Run Time = 1.00 seconds

VCFtools - 0.1.17
(C) Adam Auton and Anthony Marcketta 2009

Parameters as interpreted:
	--gzvcf /tmp/RtmpyoLrqo/temp_libpath3726b3534d40b2/PLEIOVAR/extdata/vcf/Sardinia.b37.ss2120.FAref.impv4.chr21.vcf.gz
	--chr 21
	--to-bp 14422186
	--012
	--out result/chrom_21/vcftools_output/gene_21_17
	--remove-filtered-all
	--from-bp 14317742

Using zlib version: 1.2.11
After filtering, kept 101 out of 101 Individuals
Writing 012 matrix files ... Done.
After filtering, kept 0 out of a possible 2993 Sites
No data left for analysis!
Run Time = 1.00 seconds

VCFtools - 0.1.17
(C) Adam Auton and Anthony Marcketta 2009

Parameters as interpreted:
	--gzvcf /tmp/RtmpyoLrqo/temp_libpath3726b3534d40b2/PLEIOVAR/extdata/vcf/Sardinia.b37.ss2120.FAref.impv4.chr21.vcf.gz
	--chr 21
	--to-bp 14457744
	--012
	--out result/chrom_21/vcftools_output/gene_21_20
	--remove-filtered-all
	--from-bp 14351003

Using zlib version: 1.2.11
After filtering, kept 101 out of 101 Individuals
Writing 012 matrix files ... Done.
After filtering, kept 3 out of a possible 2993 Sites
Run Time = 1.00 seconds

VCFtools - 0.1.17
(C) Adam Auton and Anthony Marcketta 2009

Parameters as interpreted:
	--gzvcf /tmp/RtmpyoLrqo/temp_libpath3726b3534d40b2/PLEIOVAR/extdata/vcf/Sardinia.b37.ss2120.FAref.impv4.chr21.vcf.gz
	--chr 21
	--to-bp 14486154
	--012
	--out result/chrom_21/vcftools_output/gene_21_22
	--remove-filtered-all
	--from-bp 14380215

Using zlib version: 1.2.11
After filtering, kept 101 out of 101 Individuals
Writing 012 matrix files ... Done.
After filtering, kept 19 out of a possible 2993 Sites
Run Time = 1.00 seconds

VCFtools - 0.1.17
(C) Adam Auton and Anthony Marcketta 2009

Parameters as interpreted:
	--gzvcf /tmp/RtmpyoLrqo/temp_libpath3726b3534d40b2/PLEIOVAR/extdata/vcf/Sardinia.b37.ss2120.FAref.impv4.chr21.vcf.gz
	--chr 21
	--to-bp 14495521
	--012
	--out result/chrom_21/vcftools_output/gene_21_23
	--remove-filtered-all
	--from-bp 14391122

Using zlib version: 1.2.11
After filtering, kept 101 out of 101 Individuals
Writing 012 matrix files ... Done.
After filtering, kept 24 out of a possible 2993 Sites
Run Time = 1.00 seconds

VCFtools - 0.1.17
(C) Adam Auton and Anthony Marcketta 2009

Parameters as interpreted:
	--gzvcf /tmp/RtmpyoLrqo/temp_libpath3726b3534d40b2/PLEIOVAR/extdata/vcf/Sardinia.b37.ss2120.FAref.impv4.chr21.vcf.gz
	--chr 21
	--to-bp 14536031
	--012
	--out result/chrom_21/vcftools_output/gene_21_25
	--remove-filtered-all
	--from-bp 14424056

Using zlib version: 1.2.11
After filtering, kept 101 out of 101 Individuals
Writing 012 matrix files ... Done.
After filtering, kept 41 out of a possible 2993 Sites
Run Time = 1.00 seconds

VCFtools - 0.1.17
(C) Adam Auton and Anthony Marcketta 2009

Parameters as interpreted:
	--gzvcf /tmp/RtmpyoLrqo/temp_libpath3726b3534d40b2/PLEIOVAR/extdata/vcf/Sardinia.b37.ss2120.FAref.impv4.chr21.vcf.gz
	--chr 21
	--to-bp 11221787
	--012
	--out result/chrom_21/vcftools_output/gene_21_12
	--remove-filtered-all
	--from-bp 11079313

Using zlib version: 1.2.11
After filtering, kept 101 out of 101 Individuals
Writing 012 matrix files ... Done.
After filtering, kept 1 out of a possible 2993 Sites
Run Time = 1.00 seconds

VCFtools - 0.1.17
(C) Adam Auton and Anthony Marcketta 2009

Parameters as interpreted:
	--gzvcf /tmp/RtmpyoLrqo/temp_libpath3726b3534d40b2/PLEIOVAR/extdata/vcf/Sardinia.b37.ss2120.FAref.impv4.chr21.vcf.gz
	--chr 21
	--to-bp 14474153
	--012
	--out result/chrom_21/vcftools_output/gene_21_21
	--remove-filtered-all
	--from-bp 14364232

Using zlib version: 1.2.11
After filtering, kept 101 out of 101 Individuals
Writing 012 matrix files ... Done.
After filtering, kept 11 out of a possible 2993 Sites
Run Time = 1.00 seconds

VCFtools - 0.1.17
(C) Adam Auton and Anthony Marcketta 2009

Parameters as interpreted:
	--gzvcf /tmp/RtmpyoLrqo/temp_libpath3726b3534d40b2/PLEIOVAR/extdata/vcf/Sardinia.b37.ss2120.FAref.impv4.chr21.vcf.gz
	--chr 21
	--to-bp 14509300
	--012
	--out result/chrom_21/vcftools_output/gene_21_24
	--remove-filtered-all
	--from-bp 14400850

Using zlib version: 1.2.11
After filtering, kept 101 out of 101 Individuals
Writing 012 matrix files ... Done.
After filtering, kept 25 out of a possible 2993 Sites
Run Time = 1.00 seconds

VCFtools - 0.1.17
(C) Adam Auton and Anthony Marcketta 2009

Parameters as interpreted:
	--gzvcf /tmp/RtmpyoLrqo/temp_libpath3726b3534d40b2/PLEIOVAR/extdata/vcf/Sardinia.b37.ss2120.FAref.impv4.chr21.vcf.gz
	--chr 21
	--to-bp 14443936
	--012
	--out result/chrom_21/vcftools_output/gene_21_19
	--remove-filtered-all
	--from-bp 14336791

Using zlib version: 1.2.11
After filtering, kept 101 out of 101 Individuals
Writing 012 matrix files ... Done.
After filtering, kept 0 out of a possible 2993 Sites
No data left for analysis!
Run Time = 1.00 seconds

VCFtools - 0.1.17
(C) Adam Auton and Anthony Marcketta 2009

Parameters as interpreted:
	--gzvcf /tmp/RtmpyoLrqo/temp_libpath3726b3534d40b2/PLEIOVAR/extdata/vcf/Sardinia.b37.ss2120.FAref.impv4.chr21.vcf.gz
	--chr 21
	--to-bp 14559696
	--012
	--out result/chrom_21/vcftools_output/gene_21_26
	--remove-filtered-all
	--from-bp 14449286

Using zlib version: 1.2.11
After filtering, kept 101 out of 101 Individuals
Writing 012 matrix files ... Done.
After filtering, kept 49 out of a possible 2993 Sites
Run Time = 1.00 seconds

VCFtools - 0.1.17
(C) Adam Auton and Anthony Marcketta 2009

Parameters as interpreted:
	--gzvcf /tmp/RtmpyoLrqo/temp_libpath3726b3534d40b2/PLEIOVAR/extdata/vcf/Sardinia.b37.ss2120.FAref.impv4.chr21.vcf.gz
	--chr 21
	--to-bp 14624249
	--012
	--out result/chrom_21/vcftools_output/gene_21_28
	--remove-filtered-all
	--from-bp 14500024

Using zlib version: 1.2.11
After filtering, kept 101 out of 101 Individuals
Writing 012 matrix files ... Done.
After filtering, kept 81 out of a possible 2993 Sites
Run Time = 0.00 seconds

VCFtools - 0.1.17
(C) Adam Auton and Anthony Marcketta 2009

Parameters as interpreted:
	--gzvcf /tmp/RtmpyoLrqo/temp_libpath3726b3534d40b2/PLEIOVAR/extdata/vcf/Sardinia.b37.ss2120.FAref.impv4.chr21.vcf.gz
	--chr 21
	--to-bp 14647292
	--012
	--out result/chrom_21/vcftools_output/gene_21_29
	--remove-filtered-all
	--from-bp 14541774

Using zlib version: 1.2.11
After filtering, kept 101 out of 101 Individuals
Writing 012 matrix files ... Done.
After filtering, kept 62 out of a possible 2993 Sites
Run Time = 0.00 seconds

VCFtools - 0.1.17
(C) Adam Auton and Anthony Marcketta 2009

Parameters as interpreted:
	--gzvcf /tmp/RtmpyoLrqo/temp_libpath3726b3534d40b2/PLEIOVAR/extdata/vcf/Sardinia.b37.ss2120.FAref.impv4.chr21.vcf.gz
	--chr 21
	--to-bp 14662284
	--012
	--out result/chrom_21/vcftools_output/gene_21_30
	--remove-filtered-all
	--from-bp 14554323

Using zlib version: 1.2.11
After filtering, kept 101 out of 101 Individuals
Writing 012 matrix files ... Done.
After filtering, kept 57 out of a possible 2993 Sites
Run Time = 0.00 seconds

VCFtools - 0.1.17
(C) Adam Auton and Anthony Marcketta 2009

Parameters as interpreted:
	--gzvcf /tmp/RtmpyoLrqo/temp_libpath3726b3534d40b2/PLEIOVAR/extdata/vcf/Sardinia.b37.ss2120.FAref.impv4.chr21.vcf.gz
	--chr 21
	--to-bp 14583311
	--012
	--out result/chrom_21/vcftools_output/gene_21_27
	--remove-filtered-all
	--from-bp 14473392

Using zlib version: 1.2.11
After filtering, kept 101 out of 101 Individuals
Writing 012 matrix files ... Done.
After filtering, kept 45 out of a possible 2993 Sites
Run Time = 1.00 seconds

VCFtools - 0.1.17
(C) Adam Auton and Anthony Marcketta 2009

Parameters as interpreted:
	--gzvcf /tmp/RtmpyoLrqo/temp_libpath3726b3534d40b2/PLEIOVAR/extdata/vcf/Sardinia.b37.ss2120.FAref.impv4.chr22.vcf.gz
	--chr 22
	--to-bp 16574945
	--012
	--out result/chrom_22/vcftools_output/gene_22_1
	--remove-filtered-all
	--from-bp 16458156

Using zlib version: 1.2.11
After filtering, kept 101 out of 101 Individuals
Writing 012 matrix files ... Done.
After filtering, kept 1 out of a possible 2993 Sites
Run Time = 0.00 seconds

VCFtools - 0.1.17
(C) Adam Auton and Anthony Marcketta 2009

Parameters as interpreted:
	--gzvcf /tmp/RtmpyoLrqo/temp_libpath3726b3534d40b2/PLEIOVAR/extdata/vcf/Sardinia.b37.ss2120.FAref.impv4.chr22.vcf.gz
	--chr 22
	--to-bp 16603134
	--012
	--out result/chrom_22/vcftools_output/gene_22_2
	--remove-filtered-all
	--from-bp 16487769

Using zlib version: 1.2.11
After filtering, kept 101 out of 101 Individuals
Writing 012 matrix files ... Done.
After filtering, kept 1 out of a possible 2993 Sites
Run Time = 0.00 seconds

VCFtools - 0.1.17
(C) Adam Auton and Anthony Marcketta 2009

Parameters as interpreted:
	--gzvcf /tmp/RtmpyoLrqo/temp_libpath3726b3534d40b2/PLEIOVAR/extdata/vcf/Sardinia.b37.ss2120.FAref.impv4.chr22.vcf.gz
	--chr 22
	--to-bp 16633779
	--012
	--out result/chrom_22/vcftools_output/gene_22_3
	--remove-filtered-all
	--from-bp 16516312

Using zlib version: 1.2.11
After filtering, kept 101 out of 101 Individuals
Writing 012 matrix files ... Done.
After filtering, kept 0 out of a possible 2993 Sites
No data left for analysis!
Run Time = 0.00 seconds

VCFtools - 0.1.17
(C) Adam Auton and Anthony Marcketta 2009

Parameters as interpreted:
	--gzvcf /tmp/RtmpyoLrqo/temp_libpath3726b3534d40b2/PLEIOVAR/extdata/vcf/Sardinia.b37.ss2120.FAref.impv4.chr22.vcf.gz
	--chr 22
	--to-bp 16691298
	--012
	--out result/chrom_22/vcftools_output/gene_22_5
	--remove-filtered-all
	--from-bp 16570700

Using zlib version: 1.2.11
After filtering, kept 101 out of 101 Individuals
Writing 012 matrix files ... Done.
After filtering, kept 0 out of a possible 2993 Sites
No data left for analysis!
Run Time = 0.00 seconds

VCFtools - 0.1.17
(C) Adam Auton and Anthony Marcketta 2009

Parameters as interpreted:
	--gzvcf /tmp/RtmpyoLrqo/temp_libpath3726b3534d40b2/PLEIOVAR/extdata/vcf/Sardinia.b37.ss2120.FAref.impv4.chr22.vcf.gz
	--chr 22
	--to-bp 16657244
	--012
	--out result/chrom_22/vcftools_output/gene_22_4
	--remove-filtered-all
	--from-bp 16544893

Using zlib version: 1.2.11
After filtering, kept 101 out of 101 Individuals
Writing 012 matrix files ... Done.
After filtering, kept 0 out of a possible 2993 Sites
No data left for analysis!
Run Time = 0.00 seconds

VCFtools - 0.1.17
(C) Adam Auton and Anthony Marcketta 2009

Parameters as interpreted:
	--gzvcf /tmp/RtmpyoLrqo/temp_libpath3726b3534d40b2/PLEIOVAR/extdata/vcf/Sardinia.b37.ss2120.FAref.impv4.chr22.vcf.gz
	--chr 22
	--to-bp 16715073
	--012
	--out result/chrom_22/vcftools_output/gene_22_6
	--remove-filtered-all
	--from-bp 16598658

Using zlib version: 1.2.11
After filtering, kept 101 out of 101 Individuals
Writing 012 matrix files ... Done.
After filtering, kept 0 out of a possible 2993 Sites
No data left for analysis!
Run Time = 0.00 seconds

VCFtools - 0.1.17
(C) Adam Auton and Anthony Marcketta 2009

Parameters as interpreted:
	--gzvcf /tmp/RtmpyoLrqo/temp_libpath3726b3534d40b2/PLEIOVAR/extdata/vcf/Sardinia.b37.ss2120.FAref.impv4.chr22.vcf.gz
	--chr 22
	--to-bp 16936974
	--012
	--out result/chrom_22/vcftools_output/gene_22_13
	--remove-filtered-all
	--from-bp 16832275

Using zlib version: 1.2.11
After filtering, kept 101 out of 101 Individuals
Writing 012 matrix files ... Done.
After filtering, kept 144 out of a possible 2993 Sites
Run Time = 0.00 seconds

VCFtools - 0.1.17
(C) Adam Auton and Anthony Marcketta 2009

Parameters as interpreted:
	--gzvcf /tmp/RtmpyoLrqo/temp_libpath3726b3534d40b2/PLEIOVAR/extdata/vcf/Sardinia.b37.ss2120.FAref.impv4.chr22.vcf.gz
	--chr 22
	--to-bp 16912088
	--012
	--out result/chrom_22/vcftools_output/gene_22_10
	--remove-filtered-all
	--from-bp 16810139

Using zlib version: 1.2.11
After filtering, kept 101 out of 101 Individuals
Writing 012 matrix files ... Done.
After filtering, kept 144 out of a possible 2993 Sites
Run Time = 0.00 seconds

VCFtools - 0.1.17
(C) Adam Auton and Anthony Marcketta 2009

Parameters as interpreted:
	--gzvcf /tmp/RtmpyoLrqo/temp_libpath3726b3534d40b2/PLEIOVAR/extdata/vcf/Sardinia.b37.ss2120.FAref.impv4.chr22.vcf.gz
	--chr 22
	--to-bp 16899738
	--012
	--out result/chrom_22/vcftools_output/gene_22_7
	--remove-filtered-all
	--from-bp 16645855

Using zlib version: 1.2.11
After filtering, kept 101 out of 101 Individuals
Writing 012 matrix files ... Done.
After filtering, kept 144 out of a possible 2993 Sites
Run Time = 0.00 seconds

VCFtools - 0.1.17
(C) Adam Auton and Anthony Marcketta 2009

Parameters as interpreted:
	--gzvcf /tmp/RtmpyoLrqo/temp_libpath3726b3534d40b2/PLEIOVAR/extdata/vcf/Sardinia.b37.ss2120.FAref.impv4.chr22.vcf.gz
	--chr 22
	--to-bp 16903231
	--012
	--out result/chrom_22/vcftools_output/gene_22_8
	--remove-filtered-all
	--from-bp 16801640

Using zlib version: 1.2.11
After filtering, kept 101 out of 101 Individuals
Writing 012 matrix files ... Done.
After filtering, kept 144 out of a possible 2993 Sites
Run Time = 0.00 seconds

VCFtools - 0.1.17
(C) Adam Auton and Anthony Marcketta 2009

Parameters as interpreted:
	--gzvcf /tmp/RtmpyoLrqo/temp_libpath3726b3534d40b2/PLEIOVAR/extdata/vcf/Sardinia.b37.ss2120.FAref.impv4.chr22.vcf.gz
	--chr 22
	--to-bp 16920851
	--012
	--out result/chrom_22/vcftools_output/gene_22_11
	--remove-filtered-all
	--from-bp 16816285

Using zlib version: 1.2.11
After filtering, kept 101 out of 101 Individuals
Writing 012 matrix files ... Done.
After filtering, kept 144 out of a possible 2993 Sites
Run Time = 0.00 seconds

VCFtools - 0.1.17
(C) Adam Auton and Anthony Marcketta 2009

Parameters as interpreted:
	--gzvcf /tmp/RtmpyoLrqo/temp_libpath3726b3534d40b2/PLEIOVAR/extdata/vcf/Sardinia.b37.ss2120.FAref.impv4.chr22.vcf.gz
	--chr 22
	--to-bp 16907660
	--012
	--out result/chrom_22/vcftools_output/gene_22_9
	--remove-filtered-all
	--from-bp 16805280

Using zlib version: 1.2.11
After filtering, kept 101 out of 101 Individuals
Writing 012 matrix files ... Done.
After filtering, kept 144 out of a possible 2993 Sites
Run Time = 0.00 seconds

VCFtools - 0.1.17
(C) Adam Auton and Anthony Marcketta 2009

Parameters as interpreted:
	--gzvcf /tmp/RtmpyoLrqo/temp_libpath3726b3534d40b2/PLEIOVAR/extdata/vcf/Sardinia.b37.ss2120.FAref.impv4.chr22.vcf.gz
	--chr 22
	--to-bp 16955468
	--012
	--out result/chrom_22/vcftools_output/gene_22_15
	--remove-filtered-all
	--from-bp 16849946

Using zlib version: 1.2.11
After filtering, kept 101 out of 101 Individuals
Writing 012 matrix files ... Done.
After filtering, kept 137 out of a possible 2993 Sites
Run Time = 0.00 seconds

VCFtools - 0.1.17
(C) Adam Auton and Anthony Marcketta 2009

Parameters as interpreted:
	--gzvcf /tmp/RtmpyoLrqo/temp_libpath3726b3534d40b2/PLEIOVAR/extdata/vcf/Sardinia.b37.ss2120.FAref.impv4.chr22.vcf.gz
	--chr 22
	--to-bp 16945246
	--012
	--out result/chrom_22/vcftools_output/gene_22_14
	--remove-filtered-all
	--from-bp 16841989

Using zlib version: 1.2.11
After filtering, kept 101 out of 101 Individuals
Writing 012 matrix files ... Done.
After filtering, kept 144 out of a possible 2993 Sites
Run Time = 0.00 seconds

VCFtools - 0.1.17
(C) Adam Auton and Anthony Marcketta 2009

Parameters as interpreted:
	--gzvcf /tmp/RtmpyoLrqo/temp_libpath3726b3534d40b2/PLEIOVAR/extdata/vcf/Sardinia.b37.ss2120.FAref.impv4.chr22.vcf.gz
	--chr 22
	--to-bp 16927135
	--012
	--out result/chrom_22/vcftools_output/gene_22_12
	--remove-filtered-all
	--from-bp 16823401

Using zlib version: 1.2.11
After filtering, kept 101 out of 101 Individuals
Writing 012 matrix files ... Done.
After filtering, kept 144 out of a possible 2993 Sites
Run Time = 0.00 seconds

VCFtools - 0.1.17
(C) Adam Auton and Anthony Marcketta 2009

Parameters as interpreted:
	--gzvcf /tmp/RtmpyoLrqo/temp_libpath3726b3534d40b2/PLEIOVAR/extdata/vcf/Sardinia.b37.ss2120.FAref.impv4.chr22.vcf.gz
	--chr 22
	--to-bp 16972318
	--012
	--out result/chrom_22/vcftools_output/gene_22_16
	--remove-filtered-all
	--from-bp 16864627

Using zlib version: 1.2.11
After filtering, kept 101 out of 101 Individuals
Writing 012 matrix files ... Done.
After filtering, kept 2 out of a possible 2993 Sites
Run Time = 0.00 seconds

VCFtools - 0.1.17
(C) Adam Auton and Anthony Marcketta 2009

Parameters as interpreted:
	--gzvcf /tmp/RtmpyoLrqo/temp_libpath3726b3534d40b2/PLEIOVAR/extdata/vcf/Sardinia.b37.ss2120.FAref.impv4.chr22.vcf.gz
	--chr 22
	--to-bp 16984854
	--012
	--out result/chrom_22/vcftools_output/gene_22_17
	--remove-filtered-all
	--from-bp 16880611

Using zlib version: 1.2.11
After filtering, kept 101 out of 101 Individuals
Writing 012 matrix files ... Done.
After filtering, kept 0 out of a possible 2993 Sites
No data left for analysis!
Run Time = 0.00 seconds

VCFtools - 0.1.17
(C) Adam Auton and Anthony Marcketta 2009

Parameters as interpreted:
	--gzvcf /tmp/RtmpyoLrqo/temp_libpath3726b3534d40b2/PLEIOVAR/extdata/vcf/Sardinia.b37.ss2120.FAref.impv4.chr22.vcf.gz
	--chr 22
	--to-bp 16997183
	--012
	--out result/chrom_22/vcftools_output/gene_22_18
	--remove-filtered-all
	--from-bp 16889256

Using zlib version: 1.2.11
After filtering, kept 101 out of 101 Individuals
Writing 012 matrix files ... Done.
After filtering, kept 0 out of a possible 2993 Sites
No data left for analysis!
Run Time = 0.00 seconds

VCFtools - 0.1.17
(C) Adam Auton and Anthony Marcketta 2009

Parameters as interpreted:
	--gzvcf /tmp/RtmpyoLrqo/temp_libpath3726b3534d40b2/PLEIOVAR/extdata/vcf/Sardinia.b37.ss2120.FAref.impv4.chr22.vcf.gz
	--chr 22
	--to-bp 17008573
	--012
	--out result/chrom_22/vcftools_output/gene_22_19
	--remove-filtered-all
	--from-bp 16902503

Using zlib version: 1.2.11
After filtering, kept 101 out of 101 Individuals
Writing 012 matrix files ... Done.
After filtering, kept 1 out of a possible 2993 Sites
Run Time = 0.00 seconds

VCFtools - 0.1.17
(C) Adam Auton and Anthony Marcketta 2009

Parameters as interpreted:
	--gzvcf /tmp/RtmpyoLrqo/temp_libpath3726b3534d40b2/PLEIOVAR/extdata/vcf/Sardinia.b37.ss2120.FAref.impv4.chr22.vcf.gz
	--chr 22
	--to-bp 17062057
	--012
	--out result/chrom_22/vcftools_output/gene_22_20
	--remove-filtered-all
	--from-bp 16955015

Using zlib version: 1.2.11
After filtering, kept 101 out of 101 Individuals
Writing 012 matrix files ... Done.
After filtering, kept 127 out of a possible 2993 Sites
Run Time = 0.00 seconds

VCFtools - 0.1.17
(C) Adam Auton and Anthony Marcketta 2009

Parameters as interpreted:
	--gzvcf /tmp/RtmpyoLrqo/temp_libpath3726b3534d40b2/PLEIOVAR/extdata/vcf/Sardinia.b37.ss2120.FAref.impv4.chr22.vcf.gz
	--chr 22
	--to-bp 17076121
	--012
	--out result/chrom_22/vcftools_output/gene_22_21
	--remove-filtered-all
	--from-bp 16969728

Using zlib version: 1.2.11
After filtering, kept 101 out of 101 Individuals
Writing 012 matrix files ... Done.
After filtering, kept 170 out of a possible 2993 Sites
Run Time = 0.00 seconds

VCFtools - 0.1.17
(C) Adam Auton and Anthony Marcketta 2009

Parameters as interpreted:
	--gzvcf /tmp/RtmpyoLrqo/temp_libpath3726b3534d40b2/PLEIOVAR/extdata/vcf/Sardinia.b37.ss2120.FAref.impv4.chr22.vcf.gz
	--chr 22
	--to-bp 17110684
	--012
	--out result/chrom_22/vcftools_output/gene_22_23
	--remove-filtered-all
	--from-bp 17001419

Using zlib version: 1.2.11
After filtering, kept 101 out of 101 Individuals
Writing 012 matrix files ... Done.
After filtering, kept 281 out of a possible 2993 Sites
Run Time = 0.00 seconds

VCFtools - 0.1.17
(C) Adam Auton and Anthony Marcketta 2009

Parameters as interpreted:
	--gzvcf /tmp/RtmpyoLrqo/temp_libpath3726b3534d40b2/PLEIOVAR/extdata/vcf/Sardinia.b37.ss2120.FAref.impv4.chr22.vcf.gz
	--chr 22
	--to-bp 17129417
	--012
	--out result/chrom_22/vcftools_output/gene_22_24
	--remove-filtered-all
	--from-bp 17019064

Using zlib version: 1.2.11
After filtering, kept 101 out of 101 Individuals
Writing 012 matrix files ... Done.
After filtering, kept 334 out of a possible 2993 Sites
Run Time = 0.00 seconds

VCFtools - 0.1.17
(C) Adam Auton and Anthony Marcketta 2009

Parameters as interpreted:
	--gzvcf /tmp/RtmpyoLrqo/temp_libpath3726b3534d40b2/PLEIOVAR/extdata/vcf/Sardinia.b37.ss2120.FAref.impv4.chr22.vcf.gz
	--chr 22
	--to-bp 17145509
	--012
	--out result/chrom_22/vcftools_output/gene_22_25
	--remove-filtered-all
	--from-bp 17039326

Using zlib version: 1.2.11
After filtering, kept 101 out of 101 Individuals
Writing 012 matrix files ... Done.
After filtering, kept 334 out of a possible 2993 Sites
Run Time = 0.00 seconds

VCFtools - 0.1.17
(C) Adam Auton and Anthony Marcketta 2009

Parameters as interpreted:
	--gzvcf /tmp/RtmpyoLrqo/temp_libpath3726b3534d40b2/PLEIOVAR/extdata/vcf/Sardinia.b37.ss2120.FAref.impv4.chr22.vcf.gz
	--chr 22
	--to-bp 17087779
	--012
	--out result/chrom_22/vcftools_output/gene_22_22
	--remove-filtered-all
	--from-bp 16983618

Using zlib version: 1.2.11
After filtering, kept 101 out of 101 Individuals
Writing 012 matrix files ... Done.
After filtering, kept 200 out of a possible 2993 Sites
Run Time = 0.00 seconds

VCFtools - 0.1.17
(C) Adam Auton and Anthony Marcketta 2009

Parameters as interpreted:
	--gzvcf /tmp/RtmpyoLrqo/temp_libpath3726b3534d40b2/PLEIOVAR/extdata/vcf/Sardinia.b37.ss2120.FAref.impv4.chr22.vcf.gz
	--chr 22
	--to-bp 17163826
	--012
	--out result/chrom_22/vcftools_output/gene_22_26
	--remove-filtered-all
	--from-bp 17054976

Using zlib version: 1.2.11
After filtering, kept 101 out of 101 Individuals
Writing 012 matrix files ... Done.
After filtering, kept 329 out of a possible 2993 Sites
Run Time = 0.00 seconds

VCFtools - 0.1.17
(C) Adam Auton and Anthony Marcketta 2009

Parameters as interpreted:
	--gzvcf /tmp/RtmpyoLrqo/temp_libpath3726b3534d40b2/PLEIOVAR/extdata/vcf/Sardinia.b37.ss2120.FAref.impv4.chr22.vcf.gz
	--chr 22
	--to-bp 17180142
	--012
	--out result/chrom_22/vcftools_output/gene_22_27
	--remove-filtered-all
	--from-bp 17072884

Using zlib version: 1.2.11
After filtering, kept 101 out of 101 Individuals
Writing 012 matrix files ... Done.
After filtering, kept 281 out of a possible 2993 Sites
Run Time = 0.00 seconds

VCFtools - 0.1.17
(C) Adam Auton and Anthony Marcketta 2009

Parameters as interpreted:
	--gzvcf /tmp/RtmpyoLrqo/temp_libpath3726b3534d40b2/PLEIOVAR/extdata/vcf/Sardinia.b37.ss2120.FAref.impv4.chr22.vcf.gz
	--chr 22
	--to-bp 17198316
	--012
	--out result/chrom_22/vcftools_output/gene_22_28
	--remove-filtered-all
	--from-bp 17089672

Using zlib version: 1.2.11
After filtering, kept 101 out of 101 Individuals
Writing 012 matrix files ... Done.
After filtering, kept 241 out of a possible 2993 Sites
Run Time = 0.00 seconds

VCFtools - 0.1.17
(C) Adam Auton and Anthony Marcketta 2009

Parameters as interpreted:
	--gzvcf /tmp/RtmpyoLrqo/temp_libpath3726b3534d40b2/PLEIOVAR/extdata/vcf/Sardinia.b37.ss2120.FAref.impv4.chr22.vcf.gz
	--chr 22
	--to-bp 17258423
	--012
	--out result/chrom_22/vcftools_output/gene_22_29
	--remove-filtered-all
	--from-bp 17128684

Using zlib version: 1.2.11
After filtering, kept 101 out of 101 Individuals
Writing 012 matrix files ... Done.
After filtering, kept 187 out of a possible 2993 Sites
Run Time = 0.00 seconds

VCFtools - 0.1.17
(C) Adam Auton and Anthony Marcketta 2009

Parameters as interpreted:
	--gzvcf /tmp/RtmpyoLrqo/temp_libpath3726b3534d40b2/PLEIOVAR/extdata/vcf/Sardinia.b37.ss2120.FAref.impv4.chr22.vcf.gz
	--chr 22
	--to-bp 17277182
	--012
	--out result/chrom_22/vcftools_output/gene_22_30
	--remove-filtered-all
	--from-bp 17170864

Using zlib version: 1.2.11
After filtering, kept 101 out of 101 Individuals
Writing 012 matrix files ... Done.
After filtering, kept 91 out of a possible 2993 Sites
Run Time = 0.00 seconds
