vcf file dir: /home/liz30/project/PLEIOVAR/PLEIOVAR_rpkg/inst/extdata/vcf
gene dir: /home/liz30/project/PLEIOVAR/PLEIOVAR_rpkg/inst/extdata/gene
assembled file dir: tmpout
Does not exist vcf file: Sardinia.b37.ss2120.FAref.impv4.chr1.vcf.gz  
Does not exist vcf file: Sardinia.b37.ss2120.FAref.impv4.chr2.vcf.gz  
Does not exist vcf file: Sardinia.b37.ss2120.FAref.impv4.chr3.vcf.gz  
Does not exist vcf file: Sardinia.b37.ss2120.FAref.impv4.chr4.vcf.gz  
Does not exist vcf file: Sardinia.b37.ss2120.FAref.impv4.chr5.vcf.gz  
Does not exist vcf file: Sardinia.b37.ss2120.FAref.impv4.chr6.vcf.gz  
Does not exist vcf file: Sardinia.b37.ss2120.FAref.impv4.chr7.vcf.gz  
Does not exist vcf file: Sardinia.b37.ss2120.FAref.impv4.chr8.vcf.gz  
Does not exist vcf file: Sardinia.b37.ss2120.FAref.impv4.chr9.vcf.gz  
Does not exist vcf file: Sardinia.b37.ss2120.FAref.impv4.chr10.vcf.gz  
Does not exist vcf file: Sardinia.b37.ss2120.FAref.impv4.chr11.vcf.gz  
Does not exist vcf file: Sardinia.b37.ss2120.FAref.impv4.chr12.vcf.gz  
Does not exist vcf file: Sardinia.b37.ss2120.FAref.impv4.chr13.vcf.gz  
Does not exist vcf file: Sardinia.b37.ss2120.FAref.impv4.chr14.vcf.gz  
Does not exist vcf file: Sardinia.b37.ss2120.FAref.impv4.chr15.vcf.gz  
Does not exist vcf file: Sardinia.b37.ss2120.FAref.impv4.chr16.vcf.gz  
Does not exist vcf file: Sardinia.b37.ss2120.FAref.impv4.chr17.vcf.gz  
Does not exist vcf file: Sardinia.b37.ss2120.FAref.impv4.chr18.vcf.gz  
Does not exist vcf file: Sardinia.b37.ss2120.FAref.impv4.chr19.vcf.gz  
start chrom_20:  Mon Aug 22 10:59:31 EDT 2022
start chrom_21:  Mon Aug 22 10:59:31 EDT 2022
start chrom_22:  Mon Aug 22 10:59:32 EDT 2022
